<?xml version="1.0" encoding="UTF-8"?>
<coverage generated="1642207673689" clover="3.2.0">
  <project timestamp="1642207673690" name="All files">
    <metrics statements="118" coveredstatements="82" conditionals="18" coveredconditionals="6" methods="43" coveredmethods="28" elements="179" coveredelements="116" complexity="0" loc="118" ncloc="118" packages="11" files="24" classes="24"/>
    <package name="src">
      <metrics statements="1" coveredstatements="0" conditionals="0" coveredconditionals="0" methods="0" coveredmethods="0"/>
      <file name="index.js" path="/Users/lilia.gastelum/Documents/Projects/react-apprenticeship-capstone1/src/index.js">
        <metrics statements="1" coveredstatements="0" conditionals="0" coveredconditionals="0" methods="0" coveredmethods="0"/>
        <line num="7" count="0" type="stmt"/>
      </file>
    </package>
    <package name="src.components.App">
      <metrics statements="2" coveredstatements="2" conditionals="0" coveredconditionals="0" methods="1" coveredmethods="1"/>
      <file name="App.component.jsx" path="/Users/lilia.gastelum/Documents/Projects/react-apprenticeship-capstone1/src/components/App/App.component.jsx">
        <metrics statements="2" coveredstatements="2" conditionals="0" coveredconditionals="0" methods="1" coveredmethods="1"/>
        <line num="16" count="1" type="stmt"/>
        <line num="35" count="1" type="stmt"/>
      </file>
      <file name="index.js" path="/Users/lilia.gastelum/Documents/Projects/react-apprenticeship-capstone1/src/components/App/index.js">
        <metrics statements="0" coveredstatements="0" conditionals="0" coveredconditionals="0" methods="0" coveredmethods="0"/>
      </file>
    </package>
    <package name="src.components.Layout">
      <metrics statements="6" coveredstatements="3" conditionals="4" coveredconditionals="2" methods="2" coveredmethods="1"/>
      <file name="Layout.component.jsx" path="/Users/lilia.gastelum/Documents/Projects/react-apprenticeship-capstone1/src/components/Layout/Layout.component.jsx">
        <metrics statements="6" coveredstatements="3" conditionals="4" coveredconditionals="2" methods="2" coveredmethods="1"/>
        <line num="11" count="2" type="stmt"/>
        <line num="12" count="2" type="stmt"/>
        <line num="15" count="0" type="stmt"/>
        <line num="16" count="0" type="stmt"/>
        <line num="17" count="0" type="stmt"/>
        <line num="20" count="2" type="stmt"/>
      </file>
      <file name="index.js" path="/Users/lilia.gastelum/Documents/Projects/react-apprenticeship-capstone1/src/components/Layout/index.js">
        <metrics statements="0" coveredstatements="0" conditionals="0" coveredconditionals="0" methods="0" coveredmethods="0"/>
      </file>
    </package>
    <package name="src.pages.Header">
      <metrics statements="16" coveredstatements="11" conditionals="8" coveredconditionals="1" methods="6" coveredmethods="2"/>
      <file name="Header.jsx" path="/Users/lilia.gastelum/Documents/Projects/react-apprenticeship-capstone1/src/pages/Header/Header.jsx">
        <metrics statements="16" coveredstatements="11" conditionals="8" coveredconditionals="1" methods="6" coveredmethods="2"/>
        <line num="7" count="3" type="stmt"/>
        <line num="16" count="3" type="stmt"/>
        <line num="20" count="3" type="stmt"/>
        <line num="24" count="3" type="stmt"/>
        <line num="28" count="3" type="stmt"/>
        <line num="33" count="4" type="stmt"/>
        <line num="34" count="4" type="stmt"/>
        <line num="36" count="4" type="stmt"/>
        <line num="37" count="0" type="cond" truecount="0" falsecount="4"/>
        <line num="38" count="0" type="stmt"/>
        <line num="42" count="4" type="stmt"/>
        <line num="44" count="1" type="stmt"/>
        <line num="50" count="0" type="stmt"/>
        <line num="63" count="0" type="stmt"/>
        <line num="73" count="0" type="stmt"/>
        <line num="86" count="3" type="stmt"/>
      </file>
      <file name="index.js" path="/Users/lilia.gastelum/Documents/Projects/react-apprenticeship-capstone1/src/pages/Header/index.js">
        <metrics statements="0" coveredstatements="0" conditionals="0" coveredconditionals="0" methods="0" coveredmethods="0"/>
      </file>
    </package>
    <package name="src.pages.Home">
      <metrics statements="15" coveredstatements="7" conditionals="0" coveredconditionals="0" methods="7" coveredmethods="2"/>
      <file name="HomePage.jsx" path="/Users/lilia.gastelum/Documents/Projects/react-apprenticeship-capstone1/src/pages/Home/HomePage.jsx">
        <metrics statements="11" coveredstatements="3" conditionals="0" coveredconditionals="0" methods="5" coveredmethods="0"/>
        <line num="9" count="2" type="stmt"/>
        <line num="16" count="2" type="stmt"/>
        <line num="22" count="2" type="stmt"/>
        <line num="33" count="0" type="stmt"/>
        <line num="34" count="0" type="stmt"/>
        <line num="37" count="0" type="stmt"/>
        <line num="38" count="0" type="stmt"/>
        <line num="45" count="0" type="stmt"/>
        <line num="49" count="0" type="stmt"/>
        <line num="72" count="0" type="stmt"/>
        <line num="81" count="0" type="stmt"/>
      </file>
      <file name="VideoItem.jsx" path="/Users/lilia.gastelum/Documents/Projects/react-apprenticeship-capstone1/src/pages/Home/VideoItem.jsx">
        <metrics statements="4" coveredstatements="4" conditionals="0" coveredconditionals="0" methods="2" coveredmethods="2"/>
        <line num="6" count="2" type="stmt"/>
        <line num="7" count="2" type="stmt"/>
        <line num="9" count="2" type="stmt"/>
        <line num="11" count="1" type="stmt"/>
      </file>
      <file name="api.js" path="/Users/lilia.gastelum/Documents/Projects/react-apprenticeship-capstone1/src/pages/Home/api.js">
        <metrics statements="0" coveredstatements="0" conditionals="0" coveredconditionals="0" methods="0" coveredmethods="0"/>
      </file>
      <file name="index.js" path="/Users/lilia.gastelum/Documents/Projects/react-apprenticeship-capstone1/src/pages/Home/index.js">
        <metrics statements="0" coveredstatements="0" conditionals="0" coveredconditionals="0" methods="0" coveredmethods="0"/>
      </file>
    </package>
    <package name="src.pages.Login">
      <metrics statements="6" coveredstatements="6" conditionals="0" coveredconditionals="0" methods="2" coveredmethods="2"/>
      <file name="LoginPage.jsx" path="/Users/lilia.gastelum/Documents/Projects/react-apprenticeship-capstone1/src/pages/Login/LoginPage.jsx">
        <metrics statements="6" coveredstatements="6" conditionals="0" coveredconditionals="0" methods="2" coveredmethods="2"/>
        <line num="8" count="3" type="stmt"/>
        <line num="9" count="3" type="stmt"/>
        <line num="12" count="1" type="stmt"/>
        <line num="13" count="1" type="stmt"/>
        <line num="14" count="1" type="stmt"/>
        <line num="17" count="3" type="stmt"/>
      </file>
      <file name="index.js" path="/Users/lilia.gastelum/Documents/Projects/react-apprenticeship-capstone1/src/pages/Login/index.js">
        <metrics statements="0" coveredstatements="0" conditionals="0" coveredconditionals="0" methods="0" coveredmethods="0"/>
      </file>
    </package>
    <package name="src.pages.SideBar">
      <metrics statements="13" coveredstatements="12" conditionals="2" coveredconditionals="2" methods="7" coveredmethods="6"/>
      <file name="SideBar.jsx" path="/Users/lilia.gastelum/Documents/Projects/react-apprenticeship-capstone1/src/pages/SideBar/SideBar.jsx">
        <metrics statements="13" coveredstatements="12" conditionals="2" coveredconditionals="2" methods="7" coveredmethods="6"/>
        <line num="6" count="3" type="stmt"/>
        <line num="11" count="18" type="stmt"/>
        <line num="24" count="6" type="stmt"/>
        <line num="25" count="6" type="stmt"/>
        <line num="26" count="6" type="stmt"/>
        <line num="28" count="6" type="stmt"/>
        <line num="29" count="3" type="stmt"/>
        <line num="30" count="3" type="stmt"/>
        <line num="33" count="6" type="stmt"/>
        <line num="39" count="1" type="stmt"/>
        <line num="45" count="1" type="stmt"/>
        <line num="51" count="1" type="stmt"/>
        <line num="53" count="0" type="stmt"/>
      </file>
      <file name="index.js" path="/Users/lilia.gastelum/Documents/Projects/react-apprenticeship-capstone1/src/pages/SideBar/index.js">
        <metrics statements="0" coveredstatements="0" conditionals="0" coveredconditionals="0" methods="0" coveredmethods="0"/>
      </file>
    </package>
    <package name="src.pages.VideoPlayer">
      <metrics statements="18" coveredstatements="11" conditionals="2" coveredconditionals="0" methods="7" coveredmethods="4"/>
      <file name="RelatedVideos.jsx" path="/Users/lilia.gastelum/Documents/Projects/react-apprenticeship-capstone1/src/pages/VideoPlayer/RelatedVideos.jsx">
        <metrics statements="8" coveredstatements="8" conditionals="0" coveredconditionals="0" methods="4" coveredmethods="4"/>
        <line num="6" count="2" type="stmt"/>
        <line num="7" count="2" type="stmt"/>
        <line num="8" count="2" type="stmt"/>
        <line num="9" count="2" type="stmt"/>
        <line num="10" count="1" type="stmt"/>
        <line num="18" count="1" type="stmt"/>
        <line num="21" count="2" type="stmt"/>
        <line num="24" count="2" type="stmt"/>
      </file>
      <file name="VideoPlayer.jsx" path="/Users/lilia.gastelum/Documents/Projects/react-apprenticeship-capstone1/src/pages/VideoPlayer/VideoPlayer.jsx">
        <metrics statements="10" coveredstatements="3" conditionals="2" coveredconditionals="0" methods="3" coveredmethods="0"/>
        <line num="8" count="2" type="stmt"/>
        <line num="15" count="2" type="stmt"/>
        <line num="19" count="2" type="stmt"/>
        <line num="23" count="0" type="stmt"/>
        <line num="24" count="0" type="stmt"/>
        <line num="25" count="0" type="stmt"/>
        <line num="27" count="0" type="stmt"/>
        <line num="28" count="0" type="stmt"/>
        <line num="35" count="0" type="stmt"/>
        <line num="39" count="0" type="stmt"/>
      </file>
      <file name="index.js" path="/Users/lilia.gastelum/Documents/Projects/react-apprenticeship-capstone1/src/pages/VideoPlayer/index.js">
        <metrics statements="0" coveredstatements="0" conditionals="0" coveredconditionals="0" methods="0" coveredmethods="0"/>
      </file>
    </package>
    <package name="src.providers.Auth">
      <metrics statements="20" coveredstatements="16" conditionals="2" coveredconditionals="1" methods="5" coveredmethods="4"/>
      <file name="Auth.provider.jsx" path="/Users/lilia.gastelum/Documents/Projects/react-apprenticeship-capstone1/src/providers/Auth/Auth.provider.jsx">
        <metrics statements="20" coveredstatements="16" conditionals="2" coveredconditionals="1" methods="5" coveredmethods="4"/>
        <line num="6" count="4" type="stmt"/>
        <line num="9" count="9" type="stmt"/>
        <line num="10" count="9" type="cond" truecount="1" falsecount="1"/>
        <line num="11" count="0" type="stmt"/>
        <line num="13" count="9" type="stmt"/>
        <line num="18" count="7" type="stmt"/>
        <line num="19" count="7" type="stmt"/>
        <line num="21" count="7" type="stmt"/>
        <line num="22" count="6" type="stmt"/>
        <line num="23" count="6" type="stmt"/>
        <line num="25" count="6" type="stmt"/>
        <line num="28" count="7" type="stmt"/>
        <line num="29" count="1" type="stmt"/>
        <line num="30" count="1" type="stmt"/>
        <line num="31" count="1" type="stmt"/>
        <line num="34" count="7" type="stmt"/>
        <line num="35" count="0" type="stmt"/>
        <line num="36" count="0" type="stmt"/>
        <line num="37" count="0" type="stmt"/>
        <line num="40" count="7" type="stmt"/>
      </file>
      <file name="index.js" path="/Users/lilia.gastelum/Documents/Projects/react-apprenticeship-capstone1/src/providers/Auth/index.js">
        <metrics statements="0" coveredstatements="0" conditionals="0" coveredconditionals="0" methods="0" coveredmethods="0"/>
      </file>
    </package>
    <package name="src.utils">
      <metrics statements="9" coveredstatements="7" conditionals="0" coveredconditionals="0" methods="3" coveredmethods="3"/>
      <file name="constants.js" path="/Users/lilia.gastelum/Documents/Projects/react-apprenticeship-capstone1/src/utils/constants.js">
        <metrics statements="1" coveredstatements="1" conditionals="0" coveredconditionals="0" methods="0" coveredmethods="0"/>
        <line num="1" count="4" type="stmt"/>
      </file>
      <file name="fns.js" path="/Users/lilia.gastelum/Documents/Projects/react-apprenticeship-capstone1/src/utils/fns.js">
        <metrics statements="1" coveredstatements="1" conditionals="0" coveredconditionals="0" methods="1" coveredmethods="1"/>
        <line num="2" count="1" type="stmt"/>
      </file>
      <file name="storage.js" path="/Users/lilia.gastelum/Documents/Projects/react-apprenticeship-capstone1/src/utils/storage.js">
        <metrics statements="7" coveredstatements="5" conditionals="0" coveredconditionals="0" methods="2" coveredmethods="2"/>
        <line num="1" count="4" type="stmt"/>
        <line num="3" count="6" type="stmt"/>
        <line num="4" count="6" type="stmt"/>
        <line num="5" count="6" type="stmt"/>
        <line num="7" count="0" type="stmt"/>
        <line num="8" count="0" type="stmt"/>
        <line num="13" count="1" type="stmt"/>
      </file>
    </package>
    <package name="src.utils.hooks">
      <metrics statements="12" coveredstatements="7" conditionals="0" coveredconditionals="0" methods="3" coveredmethods="3"/>
      <file name="useFortune.js" path="/Users/lilia.gastelum/Documents/Projects/react-apprenticeship-capstone1/src/utils/hooks/useFortune.js">
        <metrics statements="12" coveredstatements="7" conditionals="0" coveredconditionals="0" methods="3" coveredmethods="3"/>
        <line num="5" count="1" type="stmt"/>
        <line num="8" count="1" type="stmt"/>
        <line num="10" count="1" type="stmt"/>
        <line num="12" count="1" type="stmt"/>
        <line num="13" count="1" type="stmt"/>
        <line num="14" count="0" type="stmt"/>
        <line num="16" count="0" type="stmt"/>
        <line num="17" count="0" type="stmt"/>
        <line num="19" count="0" type="stmt"/>
        <line num="21" count="0" type="stmt"/>
        <line num="25" count="1" type="stmt"/>
        <line num="28" count="1" type="stmt"/>
      </file>
    </package>
  </project>
</coverage>
