{"/Users/lilia.gastelum/Documents/Projects/react-apprenticeship-capstone1/src/index.js": {"path":"/Users/lilia.gastelum/Documents/Projects/react-apprenticeship-capstone1/src/index.js","statementMap":{"0":{"start":{"line":7,"column":0},"end":{"line":12,"column":2}}},"fnMap":{},"branchMap":{},"s":{"0":0},"f":{},"b":{},"hash":"578c82208d2de0b8855a2835594bce3a5bbca4c8"}
,"/Users/lilia.gastelum/Documents/Projects/react-apprenticeship-capstone1/src/components/App/App.component.jsx": {"path":"/Users/lilia.gastelum/Documents/Projects/react-apprenticeship-capstone1/src/components/App/App.component.jsx","statementMap":{"0":{"start":{"line":16,"column":28},"end":{"line":16,"column":48}},"1":{"start":{"line":35,"column":2},"end":{"line":53,"column":4}}},"fnMap":{"0":{"name":"App","decl":{"start":{"line":15,"column":9},"end":{"line":15,"column":12}},"loc":{"start":{"line":15,"column":15},"end":{"line":54,"column":1}},"line":15}},"branchMap":{},"s":{"0":1,"1":1},"f":{"0":1},"b":{},"_coverageSchema":"43e27e138ebf9cfc5966b082cf9a028302ed4184","hash":"735e5e14b5c8276378ed03fd7a108233434c0902"}
,"/Users/lilia.gastelum/Documents/Projects/react-apprenticeship-capstone1/src/components/App/index.js": {"path":"/Users/lilia.gastelum/Documents/Projects/react-apprenticeship-capstone1/src/components/App/index.js","statementMap":{},"fnMap":{},"branchMap":{},"s":{},"f":{},"b":{},"hash":"7ef76f66fdf7669255ca630ab6ab83363917f25f"}
,"/Users/lilia.gastelum/Documents/Projects/react-apprenticeship-capstone1/src/components/Layout/Layout.component.jsx": {"path":"/Users/lilia.gastelum/Documents/Projects/react-apprenticeship-capstone1/src/components/Layout/Layout.component.jsx","statementMap":{"0":{"start":{"line":11,"column":36},"end":{"line":11,"column":45}},"1":{"start":{"line":12,"column":18},"end":{"line":12,"column":30}},"2":{"start":{"line":15,"column":4},"end":{"line":15,"column":27}},"3":{"start":{"line":16,"column":4},"end":{"line":16,"column":13}},"4":{"start":{"line":17,"column":4},"end":{"line":17,"column":26}},"5":{"start":{"line":20,"column":2},"end":{"line":34,"column":4}}},"fnMap":{"0":{"name":"Layout","decl":{"start":{"line":10,"column":9},"end":{"line":10,"column":15}},"loc":{"start":{"line":10,"column":39},"end":{"line":35,"column":1}},"line":10},"1":{"name":"deAuthenticate","decl":{"start":{"line":14,"column":11},"end":{"line":14,"column":25}},"loc":{"start":{"line":14,"column":33},"end":{"line":18,"column":3}},"line":14}},"branchMap":{"0":{"loc":{"start":{"line":24,"column":7},"end":{"line":28,"column":9}},"type":"binary-expr","locations":[{"start":{"line":24,"column":7},"end":{"line":24,"column":20}},{"start":{"line":25,"column":10},"end":{"line":27,"column":24}}],"line":24},"1":{"loc":{"start":{"line":29,"column":28},"end":{"line":29,"column":51}},"type":"cond-expr","locations":[{"start":{"line":29,"column":44},"end":{"line":29,"column":46}},{"start":{"line":29,"column":49},"end":{"line":29,"column":51}}],"line":29}},"s":{"0":2,"1":2,"2":0,"3":0,"4":0,"5":2},"f":{"0":2,"1":0},"b":{"0":[2,0],"1":[0,2]},"_coverageSchema":"43e27e138ebf9cfc5966b082cf9a028302ed4184","hash":"6047fec9edb2573506fee4e1b05d2322b01fac08"}
,"/Users/lilia.gastelum/Documents/Projects/react-apprenticeship-capstone1/src/components/Layout/index.js": {"path":"/Users/lilia.gastelum/Documents/Projects/react-apprenticeship-capstone1/src/components/Layout/index.js","statementMap":{},"fnMap":{},"branchMap":{},"s":{},"f":{},"b":{},"_coverageSchema":"43e27e138ebf9cfc5966b082cf9a028302ed4184","hash":"04119546bd681ce507960728b19760e2ff801578"}
,"/Users/lilia.gastelum/Documents/Projects/react-apprenticeship-capstone1/src/pages/Header/Header.jsx": {"path":"/Users/lilia.gastelum/Documents/Projects/react-apprenticeship-capstone1/src/pages/Header/Header.jsx","statementMap":{"0":{"start":{"line":7,"column":16},"end":{"line":14,"column":2}},"1":{"start":{"line":16,"column":13},"end":{"line":18,"column":2}},"2":{"start":{"line":20,"column":17},"end":{"line":22,"column":2}},"3":{"start":{"line":24,"column":15},"end":{"line":26,"column":2}},"4":{"start":{"line":28,"column":20},"end":{"line":30,"column":2}},"5":{"start":{"line":33,"column":42},"end":{"line":33,"column":51}},"6":{"start":{"line":34,"column":18},"end":{"line":34,"column":30}},"7":{"start":{"line":36,"column":21},"end":{"line":40,"column":3}},"8":{"start":{"line":37,"column":4},"end":{"line":39,"column":5}},"9":{"start":{"line":38,"column":6},"end":{"line":38,"column":34}},"10":{"start":{"line":42,"column":2},"end":{"line":83,"column":4}},"11":{"start":{"line":44,"column":34},"end":{"line":44,"column":55}},"12":{"start":{"line":50,"column":29},"end":{"line":50,"column":42}},"13":{"start":{"line":63,"column":14},"end":{"line":63,"column":37}},"14":{"start":{"line":73,"column":18},"end":{"line":73,"column":27}},"15":{"start":{"line":86,"column":0},"end":{"line":88,"column":2}}},"fnMap":{"0":{"name":"Header","decl":{"start":{"line":32,"column":9},"end":{"line":32,"column":15}},"loc":{"start":{"line":32,"column":29},"end":{"line":84,"column":1}},"line":32},"1":{"name":"(anonymous_1)","decl":{"start":{"line":36,"column":21},"end":{"line":36,"column":22}},"loc":{"start":{"line":36,"column":32},"end":{"line":40,"column":3}},"line":36},"2":{"name":"(anonymous_2)","decl":{"start":{"line":44,"column":28},"end":{"line":44,"column":29}},"loc":{"start":{"line":44,"column":34},"end":{"line":44,"column":55}},"line":44},"3":{"name":"(anonymous_3)","decl":{"start":{"line":50,"column":22},"end":{"line":50,"column":23}},"loc":{"start":{"line":50,"column":29},"end":{"line":50,"column":42}},"line":50},"4":{"name":"(anonymous_4)","decl":{"start":{"line":62,"column":21},"end":{"line":62,"column":22}},"loc":{"start":{"line":62,"column":27},"end":{"line":64,"column":13}},"line":62},"5":{"name":"(anonymous_5)","decl":{"start":{"line":72,"column":25},"end":{"line":72,"column":26}},"loc":{"start":{"line":72,"column":31},"end":{"line":74,"column":17}},"line":72}},"branchMap":{"0":{"loc":{"start":{"line":37,"column":4},"end":{"line":39,"column":5}},"type":"if","locations":[{"start":{"line":37,"column":4},"end":{"line":39,"column":5}},{"start":{"line":37,"column":4},"end":{"line":39,"column":5}}],"line":37},"1":{"loc":{"start":{"line":37,"column":8},"end":{"line":37,"column":58}},"type":"binary-expr","locations":[{"start":{"line":37,"column":8},"end":{"line":37,"column":29}},{"start":{"line":37,"column":33},"end":{"line":37,"column":58}}],"line":37},"2":{"loc":{"start":{"line":59,"column":9},"end":{"line":80,"column":9}},"type":"cond-expr","locations":[{"start":{"line":60,"column":10},"end":{"line":65,"column":12}},{"start":{"line":67,"column":10},"end":{"line":79,"column":21}}],"line":59},"3":{"loc":{"start":{"line":67,"column":31},"end":{"line":67,"column":65}},"type":"cond-expr","locations":[{"start":{"line":67,"column":38},"end":{"line":67,"column":51}},{"start":{"line":67,"column":54},"end":{"line":67,"column":65}}],"line":67}},"s":{"0":3,"1":3,"2":3,"3":3,"4":3,"5":4,"6":4,"7":4,"8":0,"9":0,"10":4,"11":1,"12":0,"13":0,"14":0,"15":3},"f":{"0":4,"1":0,"2":1,"3":0,"4":0,"5":0},"b":{"0":[0,0],"1":[0,0],"2":[4,0],"3":[0,0]},"_coverageSchema":"43e27e138ebf9cfc5966b082cf9a028302ed4184","hash":"7e6d3147d7be9f274f74d7514bb502be4c41612e"}
,"/Users/lilia.gastelum/Documents/Projects/react-apprenticeship-capstone1/src/pages/Header/index.js": {"path":"/Users/lilia.gastelum/Documents/Projects/react-apprenticeship-capstone1/src/pages/Header/index.js","statementMap":{},"fnMap":{},"branchMap":{},"s":{},"f":{},"b":{},"_coverageSchema":"43e27e138ebf9cfc5966b082cf9a028302ed4184","hash":"5a6829df90a323cd89904a279e17b94adbada62d"}
,"/Users/lilia.gastelum/Documents/Projects/react-apprenticeship-capstone1/src/pages/Home/HomePage.jsx": {"path":"/Users/lilia.gastelum/Documents/Projects/react-apprenticeship-capstone1/src/pages/Home/HomePage.jsx","statementMap":{"0":{"start":{"line":9,"column":15},"end":{"line":14,"column":1}},"1":{"start":{"line":16,"column":13},"end":{"line":20,"column":1}},"2":{"start":{"line":22,"column":16},"end":{"line":26,"column":1}},"3":{"start":{"line":33,"column":21},"end":{"line":33,"column":33}},"4":{"start":{"line":34,"column":38},"end":{"line":34,"column":50}},"5":{"start":{"line":37,"column":2},"end":{"line":51,"column":13}},"6":{"start":{"line":38,"column":4},"end":{"line":50,"column":15}},"7":{"start":{"line":45,"column":6},"end":{"line":47,"column":9}},"8":{"start":{"line":49,"column":14},"end":{"line":49,"column":44}},"9":{"start":{"line":72,"column":2},"end":{"line":89,"column":4}},"10":{"start":{"line":81,"column":16},"end":{"line":81,"column":68}}},"fnMap":{"0":{"name":"HomePage","decl":{"start":{"line":32,"column":9},"end":{"line":32,"column":17}},"loc":{"start":{"line":32,"column":26},"end":{"line":90,"column":1}},"line":32},"1":{"name":"(anonymous_1)","decl":{"start":{"line":37,"column":12},"end":{"line":37,"column":13}},"loc":{"start":{"line":37,"column":18},"end":{"line":51,"column":3}},"line":37},"2":{"name":"(anonymous_2)","decl":{"start":{"line":44,"column":12},"end":{"line":44,"column":13}},"loc":{"start":{"line":44,"column":25},"end":{"line":48,"column":5}},"line":44},"3":{"name":"(anonymous_3)","decl":{"start":{"line":48,"column":13},"end":{"line":48,"column":14}},"loc":{"start":{"line":48,"column":24},"end":{"line":50,"column":13}},"line":48},"4":{"name":"(anonymous_4)","decl":{"start":{"line":80,"column":30},"end":{"line":80,"column":31}},"loc":{"start":{"line":80,"column":41},"end":{"line":82,"column":15}},"line":80}},"branchMap":{},"s":{"0":2,"1":2,"2":2,"3":0,"4":0,"5":0,"6":0,"7":0,"8":0,"9":0,"10":0},"f":{"0":0,"1":0,"2":0,"3":0,"4":0},"b":{},"_coverageSchema":"43e27e138ebf9cfc5966b082cf9a028302ed4184","hash":"aecfd77e8fe3db7af9276ae164a13a0a449c72b8"}
,"/Users/lilia.gastelum/Documents/Projects/react-apprenticeship-capstone1/src/pages/Home/VideoItem.jsx": {"path":"/Users/lilia.gastelum/Documents/Projects/react-apprenticeship-capstone1/src/pages/Home/VideoItem.jsx","statementMap":{"0":{"start":{"line":6,"column":20},"end":{"line":6,"column":25}},"1":{"start":{"line":7,"column":20},"end":{"line":7,"column":32}},"2":{"start":{"line":9,"column":4},"end":{"line":22,"column":6}},"3":{"start":{"line":11,"column":57},"end":{"line":11,"column":95}}},"fnMap":{"0":{"name":"VideoItem","decl":{"start":{"line":5,"column":9},"end":{"line":5,"column":18}},"loc":{"start":{"line":5,"column":26},"end":{"line":23,"column":1}},"line":5},"1":{"name":"(anonymous_1)","decl":{"start":{"line":11,"column":50},"end":{"line":11,"column":51}},"loc":{"start":{"line":11,"column":56},"end":{"line":11,"column":96}},"line":11}},"branchMap":{},"s":{"0":2,"1":2,"2":2,"3":1},"f":{"0":2,"1":1},"b":{},"_coverageSchema":"43e27e138ebf9cfc5966b082cf9a028302ed4184","hash":"f303ad170fcdd9ff49bfdcee70fc006b6e78bce2"}
,"/Users/lilia.gastelum/Documents/Projects/react-apprenticeship-capstone1/src/pages/Home/api.js": {"path":"/Users/lilia.gastelum/Documents/Projects/react-apprenticeship-capstone1/src/pages/Home/api.js","statementMap":{},"fnMap":{},"branchMap":{},"s":{},"f":{},"b":{},"_coverageSchema":"43e27e138ebf9cfc5966b082cf9a028302ed4184","hash":"3cca8088a8663954702a075a32786949e3f59836"}
,"/Users/lilia.gastelum/Documents/Projects/react-apprenticeship-capstone1/src/pages/Home/index.js": {"path":"/Users/lilia.gastelum/Documents/Projects/react-apprenticeship-capstone1/src/pages/Home/index.js","statementMap":{},"fnMap":{},"branchMap":{},"s":{},"f":{},"b":{},"_coverageSchema":"43e27e138ebf9cfc5966b082cf9a028302ed4184","hash":"4b2610fe01b48e15d242fd99be46058228ab11d2"}
,"/Users/lilia.gastelum/Documents/Projects/react-apprenticeship-capstone1/src/pages/Login/LoginPage.jsx": {"path":"/Users/lilia.gastelum/Documents/Projects/react-apprenticeship-capstone1/src/pages/Login/LoginPage.jsx","statementMap":{"0":{"start":{"line":8,"column":20},"end":{"line":8,"column":29}},"1":{"start":{"line":9,"column":18},"end":{"line":9,"column":30}},"2":{"start":{"line":12,"column":4},"end":{"line":12,"column":27}},"3":{"start":{"line":13,"column":4},"end":{"line":13,"column":12}},"4":{"start":{"line":14,"column":4},"end":{"line":14,"column":26}},"5":{"start":{"line":17,"column":2},"end":{"line":36,"column":4}}},"fnMap":{"0":{"name":"LoginPage","decl":{"start":{"line":7,"column":9},"end":{"line":7,"column":18}},"loc":{"start":{"line":7,"column":21},"end":{"line":37,"column":1}},"line":7},"1":{"name":"authenticate","decl":{"start":{"line":11,"column":11},"end":{"line":11,"column":23}},"loc":{"start":{"line":11,"column":31},"end":{"line":15,"column":3}},"line":11}},"branchMap":{},"s":{"0":3,"1":3,"2":1,"3":1,"4":1,"5":3},"f":{"0":3,"1":1},"b":{},"_coverageSchema":"43e27e138ebf9cfc5966b082cf9a028302ed4184","hash":"86964e34db17ed353f56c6ae8810e227a4a4f5aa"}
,"/Users/lilia.gastelum/Documents/Projects/react-apprenticeship-capstone1/src/pages/Login/index.js": {"path":"/Users/lilia.gastelum/Documents/Projects/react-apprenticeship-capstone1/src/pages/Login/index.js","statementMap":{},"fnMap":{},"branchMap":{},"s":{},"f":{},"b":{},"_coverageSchema":"43e27e138ebf9cfc5966b082cf9a028302ed4184","hash":"7872ad6f40ba39341b67ede3004430704abcee03"}
,"/Users/lilia.gastelum/Documents/Projects/react-apprenticeship-capstone1/src/pages/SideBar/SideBar.jsx": {"path":"/Users/lilia.gastelum/Documents/Projects/react-apprenticeship-capstone1/src/pages/SideBar/SideBar.jsx","statementMap":{"0":{"start":{"line":6,"column":17},"end":{"line":9,"column":2}},"1":{"start":{"line":11,"column":13},"end":{"line":21,"column":3}},"2":{"start":{"line":11,"column":43},"end":{"line":21,"column":1}},"3":{"start":{"line":24,"column":18},"end":{"line":24,"column":30}},"4":{"start":{"line":25,"column":21},"end":{"line":25,"column":26}},"5":{"start":{"line":26,"column":38},"end":{"line":26,"column":60}},"6":{"start":{"line":28,"column":21},"end":{"line":31,"column":3}},"7":{"start":{"line":29,"column":4},"end":{"line":29,"column":31}},"8":{"start":{"line":30,"column":4},"end":{"line":30,"column":25}},"9":{"start":{"line":33,"column":2},"end":{"line":55,"column":4}},"10":{"start":{"line":39,"column":23},"end":{"line":39,"column":41}},"11":{"start":{"line":45,"column":23},"end":{"line":45,"column":46}},"12":{"start":{"line":51,"column":23},"end":{"line":51,"column":47}},"13":{"start":{"line":53,"column":61},"end":{"line":53,"column":69}}},"fnMap":{"0":{"name":"(anonymous_0)","decl":{"start":{"line":11,"column":31},"end":{"line":11,"column":32}},"loc":{"start":{"line":11,"column":43},"end":{"line":21,"column":1}},"line":11},"1":{"name":"SideBar","decl":{"start":{"line":23,"column":9},"end":{"line":23,"column":16}},"loc":{"start":{"line":23,"column":24},"end":{"line":56,"column":1}},"line":23},"2":{"name":"(anonymous_2)","decl":{"start":{"line":28,"column":21},"end":{"line":28,"column":22}},"loc":{"start":{"line":28,"column":33},"end":{"line":31,"column":3}},"line":28},"3":{"name":"(anonymous_3)","decl":{"start":{"line":39,"column":17},"end":{"line":39,"column":18}},"loc":{"start":{"line":39,"column":23},"end":{"line":39,"column":41}},"line":39},"4":{"name":"(anonymous_4)","decl":{"start":{"line":45,"column":17},"end":{"line":45,"column":18}},"loc":{"start":{"line":45,"column":23},"end":{"line":45,"column":46}},"line":45},"5":{"name":"(anonymous_5)","decl":{"start":{"line":51,"column":17},"end":{"line":51,"column":18}},"loc":{"start":{"line":51,"column":23},"end":{"line":51,"column":47}},"line":51},"6":{"name":"(anonymous_6)","decl":{"start":{"line":53,"column":55},"end":{"line":53,"column":56}},"loc":{"start":{"line":53,"column":61},"end":{"line":53,"column":69}},"line":53}},"branchMap":{"0":{"loc":{"start":{"line":12,"column":14},"end":{"line":20,"column":19}},"type":"cond-expr","locations":[{"start":{"line":13,"column":6},"end":{"line":19,"column":3}},{"start":{"line":20,"column":6},"end":{"line":20,"column":19}}],"line":12}},"s":{"0":3,"1":3,"2":18,"3":6,"4":6,"5":6,"6":6,"7":3,"8":3,"9":6,"10":1,"11":1,"12":1,"13":0},"f":{"0":18,"1":6,"2":3,"3":1,"4":1,"5":1,"6":0},"b":{"0":[6,12]},"_coverageSchema":"43e27e138ebf9cfc5966b082cf9a028302ed4184","hash":"86c33c3b6e5c274a66e79c5a64ec46cec7da096a"}
,"/Users/lilia.gastelum/Documents/Projects/react-apprenticeship-capstone1/src/pages/SideBar/index.js": {"path":"/Users/lilia.gastelum/Documents/Projects/react-apprenticeship-capstone1/src/pages/SideBar/index.js","statementMap":{},"fnMap":{},"branchMap":{},"s":{},"f":{},"b":{},"_coverageSchema":"43e27e138ebf9cfc5966b082cf9a028302ed4184","hash":"8505daae598f8174e817a703fa35759fbe423ab4"}
,"/Users/lilia.gastelum/Documents/Projects/react-apprenticeship-capstone1/src/pages/VideoPlayer/RelatedVideos.jsx": {"path":"/Users/lilia.gastelum/Documents/Projects/react-apprenticeship-capstone1/src/pages/VideoPlayer/RelatedVideos.jsx","statementMap":{"0":{"start":{"line":6,"column":20},"end":{"line":6,"column":32}},"1":{"start":{"line":7,"column":24},"end":{"line":22,"column":5}},"2":{"start":{"line":8,"column":22},"end":{"line":8,"column":24}},"3":{"start":{"line":9,"column":8},"end":{"line":20,"column":10}},"4":{"start":{"line":10,"column":12},"end":{"line":19,"column":16}},"5":{"start":{"line":18,"column":31},"end":{"line":18,"column":69}},"6":{"start":{"line":21,"column":8},"end":{"line":21,"column":21}},"7":{"start":{"line":24,"column":4},"end":{"line":26,"column":6}}},"fnMap":{"0":{"name":"RelatedVideos","decl":{"start":{"line":5,"column":9},"end":{"line":5,"column":22}},"loc":{"start":{"line":5,"column":36},"end":{"line":27,"column":1}},"line":5},"1":{"name":"(anonymous_1)","decl":{"start":{"line":7,"column":24},"end":{"line":7,"column":25}},"loc":{"start":{"line":7,"column":30},"end":{"line":22,"column":5}},"line":7},"2":{"name":"(anonymous_2)","decl":{"start":{"line":9,"column":24},"end":{"line":9,"column":25}},"loc":{"start":{"line":9,"column":38},"end":{"line":20,"column":9}},"line":9},"3":{"name":"(anonymous_3)","decl":{"start":{"line":18,"column":25},"end":{"line":18,"column":26}},"loc":{"start":{"line":18,"column":31},"end":{"line":18,"column":69}},"line":18}},"branchMap":{},"s":{"0":2,"1":2,"2":2,"3":2,"4":1,"5":1,"6":2,"7":2},"f":{"0":2,"1":2,"2":1,"3":1},"b":{},"_coverageSchema":"43e27e138ebf9cfc5966b082cf9a028302ed4184","hash":"108340b91ceba626a5294cfd67d085a4a8d82d4a"}
,"/Users/lilia.gastelum/Documents/Projects/react-apprenticeship-capstone1/src/pages/VideoPlayer/VideoPlayer.jsx": {"path":"/Users/lilia.gastelum/Documents/Projects/react-apprenticeship-capstone1/src/pages/VideoPlayer/VideoPlayer.jsx","statementMap":{"0":{"start":{"line":8,"column":15},"end":{"line":13,"column":1}},"1":{"start":{"line":15,"column":15},"end":{"line":17,"column":2}},"2":{"start":{"line":19,"column":18},"end":{"line":21,"column":2}},"3":{"start":{"line":23,"column":21},"end":{"line":23,"column":34}},"4":{"start":{"line":24,"column":34},"end":{"line":24,"column":46}},"5":{"start":{"line":25,"column":18},"end":{"line":25,"column":38}},"6":{"start":{"line":27,"column":4},"end":{"line":37,"column":18}},"7":{"start":{"line":28,"column":8},"end":{"line":36,"column":10}},"8":{"start":{"line":35,"column":10},"end":{"line":35,"column":47}},"9":{"start":{"line":39,"column":4},"end":{"line":86,"column":6}}},"fnMap":{"0":{"name":"VideoPlayer","decl":{"start":{"line":22,"column":9},"end":{"line":22,"column":20}},"loc":{"start":{"line":22,"column":23},"end":{"line":87,"column":1}},"line":22},"1":{"name":"(anonymous_1)","decl":{"start":{"line":27,"column":14},"end":{"line":27,"column":15}},"loc":{"start":{"line":27,"column":20},"end":{"line":37,"column":7}},"line":27},"2":{"name":"(anonymous_2)","decl":{"start":{"line":34,"column":16},"end":{"line":34,"column":17}},"loc":{"start":{"line":34,"column":29},"end":{"line":36,"column":9}},"line":34}},"branchMap":{"0":{"loc":{"start":{"line":79,"column":25},"end":{"line":81,"column":25}},"type":"binary-expr","locations":[{"start":{"line":79,"column":25},"end":{"line":79,"column":43}},{"start":{"line":80,"column":28},"end":{"line":80,"column":63}}],"line":79}},"s":{"0":2,"1":2,"2":2,"3":0,"4":0,"5":0,"6":0,"7":0,"8":0,"9":0},"f":{"0":0,"1":0,"2":0},"b":{"0":[0,0]},"_coverageSchema":"43e27e138ebf9cfc5966b082cf9a028302ed4184","hash":"61b76d5b3346773c66cb9e6aacee2784528232a2"}
,"/Users/lilia.gastelum/Documents/Projects/react-apprenticeship-capstone1/src/pages/VideoPlayer/index.js": {"path":"/Users/lilia.gastelum/Documents/Projects/react-apprenticeship-capstone1/src/pages/VideoPlayer/index.js","statementMap":{},"fnMap":{},"branchMap":{},"s":{},"f":{},"b":{},"_coverageSchema":"43e27e138ebf9cfc5966b082cf9a028302ed4184","hash":"cca8c067396081650885b18c2d5a9cb63ce0a6a3"}
,"/Users/lilia.gastelum/Documents/Projects/react-apprenticeship-capstone1/src/providers/Auth/Auth.provider.jsx": {"path":"/Users/lilia.gastelum/Documents/Projects/react-apprenticeship-capstone1/src/providers/Auth/Auth.provider.jsx","statementMap":{"0":{"start":{"line":6,"column":20},"end":{"line":6,"column":45}},"1":{"start":{"line":9,"column":18},"end":{"line":9,"column":41}},"2":{"start":{"line":10,"column":2},"end":{"line":12,"column":3}},"3":{"start":{"line":11,"column":4},"end":{"line":11,"column":68}},"4":{"start":{"line":13,"column":2},"end":{"line":13,"column":17}},"5":{"start":{"line":18,"column":44},"end":{"line":18,"column":59}},"6":{"start":{"line":19,"column":26},"end":{"line":19,"column":40}},"7":{"start":{"line":21,"column":2},"end":{"line":26,"column":9}},"8":{"start":{"line":22,"column":26},"end":{"line":22,"column":55}},"9":{"start":{"line":23,"column":28},"end":{"line":23,"column":50}},"10":{"start":{"line":25,"column":4},"end":{"line":25,"column":38}},"11":{"start":{"line":28,"column":16},"end":{"line":32,"column":8}},"12":{"start":{"line":29,"column":4},"end":{"line":29,"column":27}},"13":{"start":{"line":30,"column":4},"end":{"line":30,"column":58}},"14":{"start":{"line":31,"column":4},"end":{"line":31,"column":40}},"15":{"start":{"line":34,"column":17},"end":{"line":38,"column":8}},"16":{"start":{"line":35,"column":4},"end":{"line":35,"column":28}},"17":{"start":{"line":36,"column":4},"end":{"line":36,"column":18}},"18":{"start":{"line":37,"column":4},"end":{"line":37,"column":41}},"19":{"start":{"line":40,"column":2},"end":{"line":44,"column":4}}},"fnMap":{"0":{"name":"useAuth","decl":{"start":{"line":8,"column":9},"end":{"line":8,"column":16}},"loc":{"start":{"line":8,"column":19},"end":{"line":14,"column":1}},"line":8},"1":{"name":"AuthProvider","decl":{"start":{"line":17,"column":9},"end":{"line":17,"column":21}},"loc":{"start":{"line":17,"column":36},"end":{"line":45,"column":1}},"line":17},"2":{"name":"(anonymous_2)","decl":{"start":{"line":21,"column":12},"end":{"line":21,"column":13}},"loc":{"start":{"line":21,"column":18},"end":{"line":26,"column":3}},"line":21},"3":{"name":"(anonymous_3)","decl":{"start":{"line":28,"column":28},"end":{"line":28,"column":29}},"loc":{"start":{"line":28,"column":34},"end":{"line":32,"column":3}},"line":28},"4":{"name":"(anonymous_4)","decl":{"start":{"line":34,"column":29},"end":{"line":34,"column":30}},"loc":{"start":{"line":34,"column":35},"end":{"line":38,"column":3}},"line":34}},"branchMap":{"0":{"loc":{"start":{"line":10,"column":2},"end":{"line":12,"column":3}},"type":"if","locations":[{"start":{"line":10,"column":2},"end":{"line":12,"column":3}},{"start":{"line":10,"column":2},"end":{"line":12,"column":3}}],"line":10}},"s":{"0":4,"1":9,"2":9,"3":0,"4":9,"5":7,"6":7,"7":7,"8":6,"9":6,"10":6,"11":7,"12":1,"13":1,"14":1,"15":7,"16":0,"17":0,"18":0,"19":7},"f":{"0":9,"1":7,"2":6,"3":1,"4":0},"b":{"0":[0,9]},"_coverageSchema":"43e27e138ebf9cfc5966b082cf9a028302ed4184","hash":"a6a23ce1ad0d2cba117923394838660829860c84"}
,"/Users/lilia.gastelum/Documents/Projects/react-apprenticeship-capstone1/src/providers/Auth/index.js": {"path":"/Users/lilia.gastelum/Documents/Projects/react-apprenticeship-capstone1/src/providers/Auth/index.js","statementMap":{},"fnMap":{},"branchMap":{},"s":{},"f":{},"b":{},"_coverageSchema":"43e27e138ebf9cfc5966b082cf9a028302ed4184","hash":"c44f6ae72cf9fd3be65e11693f97b685874357a1"}
,"/Users/lilia.gastelum/Documents/Projects/react-apprenticeship-capstone1/src/utils/constants.js": {"path":"/Users/lilia.gastelum/Documents/Projects/react-apprenticeship-capstone1/src/utils/constants.js","statementMap":{"0":{"start":{"line":1,"column":25},"end":{"line":1,"column":48}}},"fnMap":{},"branchMap":{},"s":{"0":4},"f":{},"b":{},"_coverageSchema":"43e27e138ebf9cfc5966b082cf9a028302ed4184","hash":"af1377110735a4162d0a00e1b592d89eda12c8bc"}
,"/Users/lilia.gastelum/Documents/Projects/react-apprenticeship-capstone1/src/utils/fns.js": {"path":"/Users/lilia.gastelum/Documents/Projects/react-apprenticeship-capstone1/src/utils/fns.js","statementMap":{"0":{"start":{"line":2,"column":2},"end":{"line":2,"column":43}}},"fnMap":{"0":{"name":"random","decl":{"start":{"line":1,"column":9},"end":{"line":1,"column":15}},"loc":{"start":{"line":1,"column":23},"end":{"line":3,"column":1}},"line":1}},"branchMap":{},"s":{"0":1},"f":{"0":1},"b":{},"_coverageSchema":"43e27e138ebf9cfc5966b082cf9a028302ed4184","hash":"2b9c720e97a586ff328e671b627cae35f4faa91f"}
,"/Users/lilia.gastelum/Documents/Projects/react-apprenticeship-capstone1/src/utils/storage.js": {"path":"/Users/lilia.gastelum/Documents/Projects/react-apprenticeship-capstone1/src/utils/storage.js","statementMap":{"0":{"start":{"line":1,"column":16},"end":{"line":15,"column":1}},"1":{"start":{"line":3,"column":4},"end":{"line":9,"column":5}},"2":{"start":{"line":4,"column":23},"end":{"line":4,"column":55}},"3":{"start":{"line":5,"column":6},"end":{"line":5,"column":34}},"4":{"start":{"line":7,"column":6},"end":{"line":7,"column":60}},"5":{"start":{"line":8,"column":6},"end":{"line":8,"column":18}},"6":{"start":{"line":13,"column":4},"end":{"line":13,"column":60}}},"fnMap":{"0":{"name":"(anonymous_0)","decl":{"start":{"line":2,"column":2},"end":{"line":2,"column":3}},"loc":{"start":{"line":2,"column":11},"end":{"line":10,"column":3}},"line":2},"1":{"name":"(anonymous_1)","decl":{"start":{"line":12,"column":2},"end":{"line":12,"column":3}},"loc":{"start":{"line":12,"column":18},"end":{"line":14,"column":3}},"line":12}},"branchMap":{},"s":{"0":4,"1":6,"2":6,"3":6,"4":0,"5":0,"6":1},"f":{"0":6,"1":1},"b":{},"_coverageSchema":"43e27e138ebf9cfc5966b082cf9a028302ed4184","hash":"3bd39abf2209dadff3f5e3ae4a38d941b744bcc1"}
,"/Users/lilia.gastelum/Documents/Projects/react-apprenticeship-capstone1/src/utils/hooks/useFortune.js": {"path":"/Users/lilia.gastelum/Documents/Projects/react-apprenticeship-capstone1/src/utils/hooks/useFortune.js","statementMap":{"0":{"start":{"line":5,"column":16},"end":{"line":5,"column":76}},"1":{"start":{"line":8,"column":32},"end":{"line":8,"column":46}},"2":{"start":{"line":10,"column":2},"end":{"line":26,"column":9}},"3":{"start":{"line":12,"column":6},"end":{"line":22,"column":7}},"4":{"start":{"line":13,"column":25},"end":{"line":13,"column":45}},"5":{"start":{"line":14,"column":31},"end":{"line":14,"column":52}},"6":{"start":{"line":16,"column":28},"end":{"line":16,"column":57}},"7":{"start":{"line":17,"column":31},"end":{"line":17,"column":58}},"8":{"start":{"line":19,"column":8},"end":{"line":19,"column":43}},"9":{"start":{"line":21,"column":8},"end":{"line":21,"column":46}},"10":{"start":{"line":25,"column":4},"end":{"line":25,"column":20}},"11":{"start":{"line":28,"column":2},"end":{"line":28,"column":21}}},"fnMap":{"0":{"name":"useFortune","decl":{"start":{"line":7,"column":9},"end":{"line":7,"column":19}},"loc":{"start":{"line":7,"column":22},"end":{"line":29,"column":1}},"line":7},"1":{"name":"(anonymous_1)","decl":{"start":{"line":10,"column":12},"end":{"line":10,"column":13}},"loc":{"start":{"line":10,"column":18},"end":{"line":26,"column":3}},"line":10},"2":{"name":"findMyFortune","decl":{"start":{"line":11,"column":19},"end":{"line":11,"column":32}},"loc":{"start":{"line":11,"column":35},"end":{"line":23,"column":5}},"line":11}},"branchMap":{},"s":{"0":1,"1":1,"2":1,"3":1,"4":1,"5":0,"6":0,"7":0,"8":0,"9":0,"10":1,"11":1},"f":{"0":1,"1":1,"2":1},"b":{},"_coverageSchema":"43e27e138ebf9cfc5966b082cf9a028302ed4184","hash":"413195f23bf7fea205d74eff614b194232494eb1"}
}
