{"/Users/lilia.gastelum/Documents/Projects/react-apprenticeship-capstone1/src/index.js": {"path":"/Users/lilia.gastelum/Documents/Projects/react-apprenticeship-capstone1/src/index.js","statementMap":{"0":{"start":{"line":7,"column":0},"end":{"line":12,"column":2}}},"fnMap":{},"branchMap":{},"s":{"0":0},"f":{},"b":{},"hash":"578c82208d2de0b8855a2835594bce3a5bbca4c8"}
,"/Users/lilia.gastelum/Documents/Projects/react-apprenticeship-capstone1/src/components/App/App.component.jsx": {"path":"/Users/lilia.gastelum/Documents/Projects/react-apprenticeship-capstone1/src/components/App/App.component.jsx","statementMap":{"0":{"start":{"line":33,"column":2},"end":{"line":55,"column":4}}},"fnMap":{"0":{"name":"App","decl":{"start":{"line":14,"column":9},"end":{"line":14,"column":12}},"loc":{"start":{"line":14,"column":15},"end":{"line":56,"column":1}},"line":14}},"branchMap":{},"s":{"0":1},"f":{"0":1},"b":{},"_coverageSchema":"43e27e138ebf9cfc5966b082cf9a028302ed4184","hash":"fc6421e822d4e6f71f7ac9587a659331f8d0e7fc"}
,"/Users/lilia.gastelum/Documents/Projects/react-apprenticeship-capstone1/src/components/App/index.js": {"path":"/Users/lilia.gastelum/Documents/Projects/react-apprenticeship-capstone1/src/components/App/index.js","statementMap":{},"fnMap":{},"branchMap":{},"s":{},"f":{},"b":{},"hash":"7ef76f66fdf7669255ca630ab6ab83363917f25f"}
,"/Users/lilia.gastelum/Documents/Projects/react-apprenticeship-capstone1/src/components/Layout/Layout.component.jsx": {"path":"/Users/lilia.gastelum/Documents/Projects/react-apprenticeship-capstone1/src/components/Layout/Layout.component.jsx","statementMap":{"0":{"start":{"line":7,"column":2},"end":{"line":7,"column":68}}},"fnMap":{"0":{"name":"Layout","decl":{"start":{"line":6,"column":9},"end":{"line":6,"column":15}},"loc":{"start":{"line":6,"column":30},"end":{"line":8,"column":1}},"line":6}},"branchMap":{},"s":{"0":2},"f":{"0":2},"b":{},"_coverageSchema":"43e27e138ebf9cfc5966b082cf9a028302ed4184","hash":"6329e30aae46f4d6cbe45db3b19509c1fecd2ad0"}
,"/Users/lilia.gastelum/Documents/Projects/react-apprenticeship-capstone1/src/components/Layout/index.js": {"path":"/Users/lilia.gastelum/Documents/Projects/react-apprenticeship-capstone1/src/components/Layout/index.js","statementMap":{},"fnMap":{},"branchMap":{},"s":{},"f":{},"b":{},"_coverageSchema":"43e27e138ebf9cfc5966b082cf9a028302ed4184","hash":"04119546bd681ce507960728b19760e2ff801578"}
,"/Users/lilia.gastelum/Documents/Projects/react-apprenticeship-capstone1/src/pages/Header/Header.jsx": {"path":"/Users/lilia.gastelum/Documents/Projects/react-apprenticeship-capstone1/src/pages/Header/Header.jsx","statementMap":{"0":{"start":{"line":6,"column":16},"end":{"line":13,"column":2}},"1":{"start":{"line":15,"column":13},"end":{"line":17,"column":2}},"2":{"start":{"line":19,"column":17},"end":{"line":21,"column":2}},"3":{"start":{"line":23,"column":15},"end":{"line":25,"column":2}},"4":{"start":{"line":27,"column":20},"end":{"line":29,"column":2}},"5":{"start":{"line":32,"column":42},"end":{"line":32,"column":51}},"6":{"start":{"line":33,"column":18},"end":{"line":33,"column":30}},"7":{"start":{"line":35,"column":2},"end":{"line":64,"column":4}},"8":{"start":{"line":50,"column":30},"end":{"line":50,"column":52}},"9":{"start":{"line":57,"column":46},"end":{"line":57,"column":54}}},"fnMap":{"0":{"name":"Header","decl":{"start":{"line":31,"column":9},"end":{"line":31,"column":15}},"loc":{"start":{"line":31,"column":18},"end":{"line":65,"column":1}},"line":31},"1":{"name":"(anonymous_1)","decl":{"start":{"line":50,"column":23},"end":{"line":50,"column":24}},"loc":{"start":{"line":50,"column":29},"end":{"line":50,"column":53}},"line":50},"2":{"name":"(anonymous_2)","decl":{"start":{"line":57,"column":40},"end":{"line":57,"column":41}},"loc":{"start":{"line":57,"column":45},"end":{"line":57,"column":55}},"line":57}},"branchMap":{"0":{"loc":{"start":{"line":47,"column":11},"end":{"line":60,"column":11}},"type":"cond-expr","locations":[{"start":{"line":48,"column":12},"end":{"line":51,"column":14}},{"start":{"line":53,"column":12},"end":{"line":59,"column":23}}],"line":47}},"s":{"0":3,"1":3,"2":3,"3":3,"4":3,"5":9,"6":9,"7":9,"8":0,"9":0},"f":{"0":9,"1":0,"2":0},"b":{"0":[9,0]},"_coverageSchema":"43e27e138ebf9cfc5966b082cf9a028302ed4184","hash":"3dbc6ec1040ba27dd4d976f2b21d82c796d9889c"}
,"/Users/lilia.gastelum/Documents/Projects/react-apprenticeship-capstone1/src/pages/Header/index.js": {"path":"/Users/lilia.gastelum/Documents/Projects/react-apprenticeship-capstone1/src/pages/Header/index.js","statementMap":{},"fnMap":{},"branchMap":{},"s":{},"f":{},"b":{},"_coverageSchema":"43e27e138ebf9cfc5966b082cf9a028302ed4184","hash":"5a6829df90a323cd89904a279e17b94adbada62d"}
,"/Users/lilia.gastelum/Documents/Projects/react-apprenticeship-capstone1/src/pages/Home/HomePage.jsx": {"path":"/Users/lilia.gastelum/Documents/Projects/react-apprenticeship-capstone1/src/pages/Home/HomePage.jsx","statementMap":{"0":{"start":{"line":12,"column":15},"end":{"line":17,"column":1}},"1":{"start":{"line":19,"column":13},"end":{"line":23,"column":1}},"2":{"start":{"line":25,"column":16},"end":{"line":29,"column":1}},"3":{"start":{"line":31,"column":21},"end":{"line":33,"column":1}},"4":{"start":{"line":36,"column":18},"end":{"line":36,"column":30}},"5":{"start":{"line":37,"column":21},"end":{"line":37,"column":33}},"6":{"start":{"line":38,"column":36},"end":{"line":38,"column":45}},"7":{"start":{"line":39,"column":38},"end":{"line":39,"column":50}},"8":{"start":{"line":40,"column":38},"end":{"line":40,"column":49}},"9":{"start":{"line":44,"column":2},"end":{"line":56,"column":9}},"10":{"start":{"line":45,"column":22},"end":{"line":53,"column":8}},"11":{"start":{"line":45,"column":28},"end":{"line":53,"column":8}},"12":{"start":{"line":46,"column":26},"end":{"line":46,"column":41}},"13":{"start":{"line":48,"column":8},"end":{"line":48,"column":85}},"14":{"start":{"line":48,"column":52},"end":{"line":48,"column":81}},"15":{"start":{"line":49,"column":8},"end":{"line":49,"column":53}},"16":{"start":{"line":52,"column":8},"end":{"line":52,"column":38}},"17":{"start":{"line":55,"column":4},"end":{"line":55,"column":16}},"18":{"start":{"line":60,"column":4},"end":{"line":60,"column":27}},"19":{"start":{"line":61,"column":4},"end":{"line":61,"column":13}},"20":{"start":{"line":62,"column":4},"end":{"line":62,"column":22}},"21":{"start":{"line":65,"column":2},"end":{"line":105,"column":4}},"22":{"start":{"line":80,"column":16},"end":{"line":82,"column":17}}},"fnMap":{"0":{"name":"HomePage","decl":{"start":{"line":35,"column":9},"end":{"line":35,"column":17}},"loc":{"start":{"line":35,"column":20},"end":{"line":106,"column":1}},"line":35},"1":{"name":"(anonymous_1)","decl":{"start":{"line":44,"column":12},"end":{"line":44,"column":13}},"loc":{"start":{"line":44,"column":18},"end":{"line":56,"column":3}},"line":44},"2":{"name":"(anonymous_2)","decl":{"start":{"line":45,"column":22},"end":{"line":45,"column":23}},"loc":{"start":{"line":45,"column":28},"end":{"line":53,"column":8}},"line":45},"3":{"name":"(anonymous_3)","decl":{"start":{"line":46,"column":12},"end":{"line":46,"column":13}},"loc":{"start":{"line":46,"column":26},"end":{"line":46,"column":41}},"line":46},"4":{"name":"(anonymous_4)","decl":{"start":{"line":47,"column":12},"end":{"line":47,"column":13}},"loc":{"start":{"line":47,"column":23},"end":{"line":50,"column":7}},"line":47},"5":{"name":"(anonymous_5)","decl":{"start":{"line":48,"column":47},"end":{"line":48,"column":48}},"loc":{"start":{"line":48,"column":52},"end":{"line":48,"column":81}},"line":48},"6":{"name":"(anonymous_6)","decl":{"start":{"line":51,"column":13},"end":{"line":51,"column":14}},"loc":{"start":{"line":51,"column":24},"end":{"line":53,"column":7}},"line":51},"7":{"name":"deAuthenticate","decl":{"start":{"line":59,"column":11},"end":{"line":59,"column":25}},"loc":{"start":{"line":59,"column":33},"end":{"line":63,"column":3}},"line":59},"8":{"name":"(anonymous_8)","decl":{"start":{"line":79,"column":30},"end":{"line":79,"column":31}},"loc":{"start":{"line":79,"column":39},"end":{"line":83,"column":15}},"line":79}},"branchMap":{"0":{"loc":{"start":{"line":69,"column":9},"end":{"line":73,"column":9}},"type":"binary-expr","locations":[{"start":{"line":69,"column":9},"end":{"line":69,"column":22}},{"start":{"line":70,"column":10},"end":{"line":72,"column":22}}],"line":69},"1":{"loc":{"start":{"line":74,"column":28},"end":{"line":74,"column":51}},"type":"cond-expr","locations":[{"start":{"line":74,"column":44},"end":{"line":74,"column":46}},{"start":{"line":74,"column":49},"end":{"line":74,"column":51}}],"line":74}},"s":{"0":2,"1":2,"2":2,"3":2,"4":8,"5":8,"6":8,"7":8,"8":8,"9":8,"10":4,"11":4,"12":2,"13":2,"14":2,"15":2,"16":1,"17":4,"18":0,"19":0,"20":0,"21":8,"22":0},"f":{"0":8,"1":4,"2":4,"3":2,"4":2,"5":2,"6":1,"7":0,"8":0},"b":{"0":[8,0],"1":[0,8]},"_coverageSchema":"43e27e138ebf9cfc5966b082cf9a028302ed4184","hash":"b093507544b7715b2b51c8ba358aadcedcda5be2"}
,"/Users/lilia.gastelum/Documents/Projects/react-apprenticeship-capstone1/src/pages/Home/VideoItem.jsx": {"path":"/Users/lilia.gastelum/Documents/Projects/react-apprenticeship-capstone1/src/pages/Home/VideoItem.jsx","statementMap":{"0":{"start":{"line":5,"column":20},"end":{"line":5,"column":25}},"1":{"start":{"line":6,"column":4},"end":{"line":19,"column":6}}},"fnMap":{"0":{"name":"VideoItem","decl":{"start":{"line":4,"column":9},"end":{"line":4,"column":18}},"loc":{"start":{"line":4,"column":26},"end":{"line":20,"column":1}},"line":4}},"branchMap":{},"s":{"0":1,"1":1},"f":{"0":1},"b":{},"_coverageSchema":"43e27e138ebf9cfc5966b082cf9a028302ed4184","hash":"a3fbd3441ab2e56bf6f608c7fec0cc52f36b35bf"}
,"/Users/lilia.gastelum/Documents/Projects/react-apprenticeship-capstone1/src/pages/Home/index.js": {"path":"/Users/lilia.gastelum/Documents/Projects/react-apprenticeship-capstone1/src/pages/Home/index.js","statementMap":{},"fnMap":{},"branchMap":{},"s":{},"f":{},"b":{},"_coverageSchema":"43e27e138ebf9cfc5966b082cf9a028302ed4184","hash":"4b2610fe01b48e15d242fd99be46058228ab11d2"}
,"/Users/lilia.gastelum/Documents/Projects/react-apprenticeship-capstone1/src/pages/Login/LoginPage.jsx": {"path":"/Users/lilia.gastelum/Documents/Projects/react-apprenticeship-capstone1/src/pages/Login/LoginPage.jsx","statementMap":{"0":{"start":{"line":8,"column":20},"end":{"line":8,"column":29}},"1":{"start":{"line":9,"column":18},"end":{"line":9,"column":30}},"2":{"start":{"line":12,"column":4},"end":{"line":12,"column":27}},"3":{"start":{"line":13,"column":4},"end":{"line":13,"column":12}},"4":{"start":{"line":14,"column":4},"end":{"line":14,"column":28}},"5":{"start":{"line":17,"column":2},"end":{"line":36,"column":4}}},"fnMap":{"0":{"name":"LoginPage","decl":{"start":{"line":7,"column":9},"end":{"line":7,"column":18}},"loc":{"start":{"line":7,"column":21},"end":{"line":37,"column":1}},"line":7},"1":{"name":"authenticate","decl":{"start":{"line":11,"column":11},"end":{"line":11,"column":23}},"loc":{"start":{"line":11,"column":31},"end":{"line":15,"column":3}},"line":11}},"branchMap":{},"s":{"0":1,"1":1,"2":0,"3":0,"4":0,"5":1},"f":{"0":1,"1":0},"b":{},"_coverageSchema":"43e27e138ebf9cfc5966b082cf9a028302ed4184","hash":"19d4de2679f4600c9191fcb69b194176d389bde9"}
,"/Users/lilia.gastelum/Documents/Projects/react-apprenticeship-capstone1/src/pages/Login/index.js": {"path":"/Users/lilia.gastelum/Documents/Projects/react-apprenticeship-capstone1/src/pages/Login/index.js","statementMap":{},"fnMap":{},"branchMap":{},"s":{},"f":{},"b":{},"_coverageSchema":"43e27e138ebf9cfc5966b082cf9a028302ed4184","hash":"7872ad6f40ba39341b67ede3004430704abcee03"}
,"/Users/lilia.gastelum/Documents/Projects/react-apprenticeship-capstone1/src/pages/SideBar/SideBar.jsx": {"path":"/Users/lilia.gastelum/Documents/Projects/react-apprenticeship-capstone1/src/pages/SideBar/SideBar.jsx","statementMap":{"0":{"start":{"line":4,"column":17},"end":{"line":6,"column":2}},"1":{"start":{"line":8,"column":13},"end":{"line":16,"column":3}},"2":{"start":{"line":8,"column":41},"end":{"line":16,"column":1}},"3":{"start":{"line":19,"column":21},"end":{"line":19,"column":26}},"4":{"start":{"line":20,"column":38},"end":{"line":20,"column":60}},"5":{"start":{"line":22,"column":2},"end":{"line":48,"column":4}},"6":{"start":{"line":28,"column":23},"end":{"line":28,"column":44}},"7":{"start":{"line":34,"column":23},"end":{"line":34,"column":49}},"8":{"start":{"line":40,"column":23},"end":{"line":40,"column":50}},"9":{"start":{"line":45,"column":23},"end":{"line":45,"column":31}}},"fnMap":{"0":{"name":"(anonymous_0)","decl":{"start":{"line":8,"column":31},"end":{"line":8,"column":32}},"loc":{"start":{"line":8,"column":41},"end":{"line":16,"column":1}},"line":8},"1":{"name":"SideBar","decl":{"start":{"line":18,"column":9},"end":{"line":18,"column":16}},"loc":{"start":{"line":18,"column":24},"end":{"line":49,"column":1}},"line":18},"2":{"name":"(anonymous_2)","decl":{"start":{"line":28,"column":17},"end":{"line":28,"column":18}},"loc":{"start":{"line":28,"column":23},"end":{"line":28,"column":44}},"line":28},"3":{"name":"(anonymous_3)","decl":{"start":{"line":34,"column":17},"end":{"line":34,"column":18}},"loc":{"start":{"line":34,"column":23},"end":{"line":34,"column":49}},"line":34},"4":{"name":"(anonymous_4)","decl":{"start":{"line":40,"column":17},"end":{"line":40,"column":18}},"loc":{"start":{"line":40,"column":23},"end":{"line":40,"column":50}},"line":40},"5":{"name":"(anonymous_5)","decl":{"start":{"line":45,"column":17},"end":{"line":45,"column":18}},"loc":{"start":{"line":45,"column":23},"end":{"line":45,"column":31}},"line":45}},"branchMap":{"0":{"loc":{"start":{"line":9,"column":14},"end":{"line":15,"column":19}},"type":"cond-expr","locations":[{"start":{"line":9,"column":29},"end":{"line":15,"column":3}},{"start":{"line":15,"column":6},"end":{"line":15,"column":19}}],"line":9}},"s":{"0":3,"1":3,"2":12,"3":4,"4":4,"5":4,"6":1,"7":1,"8":1,"9":0},"f":{"0":12,"1":4,"2":1,"3":1,"4":1,"5":0},"b":{"0":[4,8]},"_coverageSchema":"43e27e138ebf9cfc5966b082cf9a028302ed4184","hash":"fd64f750346933a6357407e9f1b94f7cc325a2eb"}
,"/Users/lilia.gastelum/Documents/Projects/react-apprenticeship-capstone1/src/pages/SideBar/index.js": {"path":"/Users/lilia.gastelum/Documents/Projects/react-apprenticeship-capstone1/src/pages/SideBar/index.js","statementMap":{},"fnMap":{},"branchMap":{},"s":{},"f":{},"b":{},"_coverageSchema":"43e27e138ebf9cfc5966b082cf9a028302ed4184","hash":"8505daae598f8174e817a703fa35759fbe423ab4"}
,"/Users/lilia.gastelum/Documents/Projects/react-apprenticeship-capstone1/src/providers/Auth/Auth.provider.jsx": {"path":"/Users/lilia.gastelum/Documents/Projects/react-apprenticeship-capstone1/src/providers/Auth/Auth.provider.jsx","statementMap":{"0":{"start":{"line":6,"column":20},"end":{"line":6,"column":45}},"1":{"start":{"line":9,"column":18},"end":{"line":9,"column":41}},"2":{"start":{"line":10,"column":2},"end":{"line":12,"column":3}},"3":{"start":{"line":11,"column":4},"end":{"line":11,"column":68}},"4":{"start":{"line":13,"column":2},"end":{"line":13,"column":17}},"5":{"start":{"line":18,"column":44},"end":{"line":18,"column":59}},"6":{"start":{"line":19,"column":26},"end":{"line":19,"column":40}},"7":{"start":{"line":21,"column":2},"end":{"line":26,"column":9}},"8":{"start":{"line":22,"column":26},"end":{"line":22,"column":55}},"9":{"start":{"line":23,"column":28},"end":{"line":23,"column":50}},"10":{"start":{"line":25,"column":4},"end":{"line":25,"column":38}},"11":{"start":{"line":28,"column":16},"end":{"line":32,"column":8}},"12":{"start":{"line":29,"column":4},"end":{"line":29,"column":27}},"13":{"start":{"line":30,"column":4},"end":{"line":30,"column":55}},"14":{"start":{"line":31,"column":4},"end":{"line":31,"column":40}},"15":{"start":{"line":34,"column":17},"end":{"line":38,"column":8}},"16":{"start":{"line":35,"column":4},"end":{"line":35,"column":28}},"17":{"start":{"line":36,"column":4},"end":{"line":36,"column":18}},"18":{"start":{"line":37,"column":4},"end":{"line":37,"column":41}},"19":{"start":{"line":40,"column":2},"end":{"line":44,"column":4}}},"fnMap":{"0":{"name":"useAuth","decl":{"start":{"line":8,"column":9},"end":{"line":8,"column":16}},"loc":{"start":{"line":8,"column":19},"end":{"line":14,"column":1}},"line":8},"1":{"name":"AuthProvider","decl":{"start":{"line":17,"column":9},"end":{"line":17,"column":21}},"loc":{"start":{"line":17,"column":36},"end":{"line":45,"column":1}},"line":17},"2":{"name":"(anonymous_2)","decl":{"start":{"line":21,"column":12},"end":{"line":21,"column":13}},"loc":{"start":{"line":21,"column":18},"end":{"line":26,"column":3}},"line":21},"3":{"name":"(anonymous_3)","decl":{"start":{"line":28,"column":28},"end":{"line":28,"column":29}},"loc":{"start":{"line":28,"column":34},"end":{"line":32,"column":3}},"line":28},"4":{"name":"(anonymous_4)","decl":{"start":{"line":34,"column":29},"end":{"line":34,"column":30}},"loc":{"start":{"line":34,"column":35},"end":{"line":38,"column":3}},"line":34}},"branchMap":{"0":{"loc":{"start":{"line":10,"column":2},"end":{"line":12,"column":3}},"type":"if","locations":[{"start":{"line":10,"column":2},"end":{"line":12,"column":3}},{"start":{"line":10,"column":2},"end":{"line":12,"column":3}}],"line":10}},"s":{"0":4,"1":18,"2":18,"3":0,"4":18,"5":6,"6":6,"7":6,"8":6,"9":6,"10":6,"11":6,"12":0,"13":0,"14":0,"15":6,"16":0,"17":0,"18":0,"19":6},"f":{"0":18,"1":6,"2":6,"3":0,"4":0},"b":{"0":[0,18]},"_coverageSchema":"43e27e138ebf9cfc5966b082cf9a028302ed4184","hash":"3a1fa4d0d2f055ecd6b7222bd667e6293a600c4d"}
,"/Users/lilia.gastelum/Documents/Projects/react-apprenticeship-capstone1/src/providers/Auth/index.js": {"path":"/Users/lilia.gastelum/Documents/Projects/react-apprenticeship-capstone1/src/providers/Auth/index.js","statementMap":{},"fnMap":{},"branchMap":{},"s":{},"f":{},"b":{},"_coverageSchema":"43e27e138ebf9cfc5966b082cf9a028302ed4184","hash":"c44f6ae72cf9fd3be65e11693f97b685874357a1"}
,"/Users/lilia.gastelum/Documents/Projects/react-apprenticeship-capstone1/src/utils/constants.js": {"path":"/Users/lilia.gastelum/Documents/Projects/react-apprenticeship-capstone1/src/utils/constants.js","statementMap":{"0":{"start":{"line":1,"column":25},"end":{"line":1,"column":48}}},"fnMap":{},"branchMap":{},"s":{"0":4},"f":{},"b":{},"_coverageSchema":"43e27e138ebf9cfc5966b082cf9a028302ed4184","hash":"af1377110735a4162d0a00e1b592d89eda12c8bc"}
,"/Users/lilia.gastelum/Documents/Projects/react-apprenticeship-capstone1/src/utils/fns.js": {"path":"/Users/lilia.gastelum/Documents/Projects/react-apprenticeship-capstone1/src/utils/fns.js","statementMap":{"0":{"start":{"line":2,"column":2},"end":{"line":2,"column":43}}},"fnMap":{"0":{"name":"random","decl":{"start":{"line":1,"column":9},"end":{"line":1,"column":15}},"loc":{"start":{"line":1,"column":23},"end":{"line":3,"column":1}},"line":1}},"branchMap":{},"s":{"0":1},"f":{"0":1},"b":{},"_coverageSchema":"43e27e138ebf9cfc5966b082cf9a028302ed4184","hash":"2b9c720e97a586ff328e671b627cae35f4faa91f"}
,"/Users/lilia.gastelum/Documents/Projects/react-apprenticeship-capstone1/src/utils/storage.js": {"path":"/Users/lilia.gastelum/Documents/Projects/react-apprenticeship-capstone1/src/utils/storage.js","statementMap":{"0":{"start":{"line":1,"column":16},"end":{"line":15,"column":1}},"1":{"start":{"line":3,"column":4},"end":{"line":9,"column":5}},"2":{"start":{"line":4,"column":23},"end":{"line":4,"column":55}},"3":{"start":{"line":5,"column":6},"end":{"line":5,"column":34}},"4":{"start":{"line":7,"column":6},"end":{"line":7,"column":60}},"5":{"start":{"line":8,"column":6},"end":{"line":8,"column":18}},"6":{"start":{"line":13,"column":4},"end":{"line":13,"column":60}}},"fnMap":{"0":{"name":"(anonymous_0)","decl":{"start":{"line":2,"column":2},"end":{"line":2,"column":3}},"loc":{"start":{"line":2,"column":11},"end":{"line":10,"column":3}},"line":2},"1":{"name":"(anonymous_1)","decl":{"start":{"line":12,"column":2},"end":{"line":12,"column":3}},"loc":{"start":{"line":12,"column":18},"end":{"line":14,"column":3}},"line":12}},"branchMap":{},"s":{"0":4,"1":6,"2":6,"3":6,"4":0,"5":0,"6":0},"f":{"0":6,"1":0},"b":{},"_coverageSchema":"43e27e138ebf9cfc5966b082cf9a028302ed4184","hash":"3bd39abf2209dadff3f5e3ae4a38d941b744bcc1"}
,"/Users/lilia.gastelum/Documents/Projects/react-apprenticeship-capstone1/src/utils/hooks/useFortune.js": {"path":"/Users/lilia.gastelum/Documents/Projects/react-apprenticeship-capstone1/src/utils/hooks/useFortune.js","statementMap":{"0":{"start":{"line":5,"column":16},"end":{"line":5,"column":76}},"1":{"start":{"line":8,"column":32},"end":{"line":8,"column":46}},"2":{"start":{"line":10,"column":2},"end":{"line":26,"column":9}},"3":{"start":{"line":12,"column":6},"end":{"line":22,"column":7}},"4":{"start":{"line":13,"column":25},"end":{"line":13,"column":45}},"5":{"start":{"line":14,"column":31},"end":{"line":14,"column":52}},"6":{"start":{"line":16,"column":28},"end":{"line":16,"column":57}},"7":{"start":{"line":17,"column":31},"end":{"line":17,"column":58}},"8":{"start":{"line":19,"column":8},"end":{"line":19,"column":43}},"9":{"start":{"line":21,"column":8},"end":{"line":21,"column":46}},"10":{"start":{"line":25,"column":4},"end":{"line":25,"column":20}},"11":{"start":{"line":28,"column":2},"end":{"line":28,"column":21}}},"fnMap":{"0":{"name":"useFortune","decl":{"start":{"line":7,"column":9},"end":{"line":7,"column":19}},"loc":{"start":{"line":7,"column":22},"end":{"line":29,"column":1}},"line":7},"1":{"name":"(anonymous_1)","decl":{"start":{"line":10,"column":12},"end":{"line":10,"column":13}},"loc":{"start":{"line":10,"column":18},"end":{"line":26,"column":3}},"line":10},"2":{"name":"findMyFortune","decl":{"start":{"line":11,"column":19},"end":{"line":11,"column":32}},"loc":{"start":{"line":11,"column":35},"end":{"line":23,"column":5}},"line":11}},"branchMap":{},"s":{"0":1,"1":1,"2":1,"3":1,"4":1,"5":0,"6":0,"7":0,"8":0,"9":0,"10":1,"11":1},"f":{"0":1,"1":1,"2":1},"b":{},"_coverageSchema":"43e27e138ebf9cfc5966b082cf9a028302ed4184","hash":"413195f23bf7fea205d74eff614b194232494eb1"}
}
