TN:
SF:/Users/lilia.gastelum/Documents/Projects/react-apprenticeship-capstone1/src/index.js
FNF:0
FNH:0
DA:8,0
LF:1
LH:0
BRF:0
BRH:0
end_of_record
TN:
SF:/Users/lilia.gastelum/Documents/Projects/react-apprenticeship-capstone1/src/components/App/App.component.jsx
FN:13,App
FNF:1
FNH:1
FNDA:1,App
DA:15,1
LF:1
LH:1
BRF:0
BRH:0
end_of_record
TN:
SF:/Users/lilia.gastelum/Documents/Projects/react-apprenticeship-capstone1/src/components/App/index.js
FNF:0
FNH:0
LF:0
LH:0
BRF:0
BRH:0
end_of_record
TN:
SF:/Users/lilia.gastelum/Documents/Projects/react-apprenticeship-capstone1/src/components/Layout/Layout.component.jsx
FN:15,(anonymous_0)
FN:16,(anonymous_1)
FN:19,Layout
FNF:3
FNH:3
FNDA:5,(anonymous_0)
FNDA:5,(anonymous_1)
FNDA:5,Layout
DA:13,2
DA:15,5
DA:16,5
DA:20,5
DA:21,5
DA:22,5
DA:24,5
LF:7
LH:7
BRDA:15,0,0,0
BRDA:15,0,1,5
BRDA:16,1,0,0
BRDA:16,1,1,5
BRDA:28,2,0,5
BRDA:28,2,1,2
BRDA:33,3,0,2
BRDA:33,3,1,3
BRF:8
BRH:6
end_of_record
TN:
SF:/Users/lilia.gastelum/Documents/Projects/react-apprenticeship-capstone1/src/components/Layout/index.js
FNF:0
FNH:0
LF:0
LH:0
BRF:0
BRH:0
end_of_record
TN:
SF:/Users/lilia.gastelum/Documents/Projects/react-apprenticeship-capstone1/src/components/NotFound/NotFound.jsx
FN:31,NotFound
FNF:1
FNH:1
FNDA:3,NotFound
DA:6,2
DA:16,2
DA:25,2
DA:33,3
LF:4
LH:4
BRF:0
BRH:0
end_of_record
TN:
SF:/Users/lilia.gastelum/Documents/Projects/react-apprenticeship-capstone1/src/components/NotFound/index.js
FNF:0
FNH:0
LF:0
LH:0
BRF:0
BRH:0
end_of_record
TN:
SF:/Users/lilia.gastelum/Documents/Projects/react-apprenticeship-capstone1/src/components/Private/Private.jsx
FN:7,Private
FN:13,(anonymous_1)
FNF:2
FNH:2
FNDA:1,Private
FNDA:1,(anonymous_1)
DA:8,1
DA:10,1
DA:13,1
LF:3
LH:3
BRDA:13,0,0,0
BRDA:13,0,1,1
BRF:2
BRH:1
end_of_record
TN:
SF:/Users/lilia.gastelum/Documents/Projects/react-apprenticeship-capstone1/src/components/Private/index.js
FNF:0
FNH:0
LF:0
LH:0
BRF:0
BRH:0
end_of_record
TN:
SF:/Users/lilia.gastelum/Documents/Projects/react-apprenticeship-capstone1/src/pages/Favorites/Favorites.jsx
FN:27,Favorites
FN:38,(anonymous_1)
FNF:2
FNH:1
FNDA:1,Favorites
FNDA:0,(anonymous_1)
DA:10,2
DA:16,2
DA:22,2
DA:28,1
DA:29,1
DA:31,1
DA:39,0
LF:7
LH:6
BRDA:29,0,0,1
BRDA:29,0,1,1
BRF:2
BRH:2
end_of_record
TN:
SF:/Users/lilia.gastelum/Documents/Projects/react-apprenticeship-capstone1/src/pages/Favorites/index.js
FNF:0
FNH:0
LF:0
LH:0
BRF:0
BRH:0
end_of_record
TN:
SF:/Users/lilia.gastelum/Documents/Projects/react-apprenticeship-capstone1/src/pages/Header/Header.jsx
FN:34,Header
FN:39,(anonymous_1)
FN:48,(anonymous_2)
FN:54,(anonymous_3)
FN:60,(anonymous_4)
FN:66,(anonymous_5)
FN:71,(anonymous_6)
FN:72,(anonymous_7)
FN:73,(anonymous_8)
FN:75,(anonymous_9)
FNF:10
FNH:7
FNDA:11,Header
FNDA:1,(anonymous_1)
FNDA:1,(anonymous_2)
FNDA:1,(anonymous_3)
FNDA:0,(anonymous_4)
FNDA:0,(anonymous_5)
FNDA:1,(anonymous_6)
FNDA:1,(anonymous_7)
FNDA:1,(anonymous_8)
FNDA:0,(anonymous_9)
DA:9,3
DA:18,3
DA:22,3
DA:26,3
DA:30,3
DA:35,11
DA:36,11
DA:37,11
DA:39,11
DA:40,1
DA:41,1
DA:42,1
DA:46,11
DA:48,1
DA:54,1
DA:60,0
DA:66,0
DA:71,1
DA:72,1
DA:73,1
DA:76,0
LF:21
LH:18
BRDA:40,0,0,1
BRDA:40,0,1,0
BRDA:40,1,0,1
BRDA:40,1,1,1
BRDA:63,2,0,8
BRDA:63,2,1,3
BRDA:69,3,0,0
BRDA:69,3,1,3
BRF:8
BRH:6
end_of_record
TN:
SF:/Users/lilia.gastelum/Documents/Projects/react-apprenticeship-capstone1/src/pages/Header/index.js
FNF:0
FNH:0
LF:0
LH:0
BRF:0
BRH:0
end_of_record
TN:
SF:/Users/lilia.gastelum/Documents/Projects/react-apprenticeship-capstone1/src/pages/Home/HomePage.jsx
FN:27,HomePage
FN:32,(anonymous_1)
FN:40,(anonymous_2)
FN:44,(anonymous_3)
FN:75,(anonymous_4)
FNF:5
FNH:2
FNDA:1,HomePage
FNDA:1,(anonymous_1)
FNDA:0,(anonymous_2)
FNDA:0,(anonymous_3)
FNDA:0,(anonymous_4)
DA:10,2
DA:16,2
DA:22,2
DA:28,1
DA:29,1
DA:30,1
DA:32,1
DA:33,1
DA:34,0
DA:41,0
DA:45,0
DA:68,1
DA:76,0
LF:13
LH:9
BRDA:33,0,0,0
BRDA:33,0,1,1
BRF:2
BRH:1
end_of_record
TN:
SF:/Users/lilia.gastelum/Documents/Projects/react-apprenticeship-capstone1/src/pages/Home/VideoItem.jsx
FN:8,(anonymous_0)
FN:13,VideoItem
FN:23,(anonymous_2)
FNF:3
FNH:3
FNDA:6,(anonymous_0)
FNDA:6,VideoItem
FNDA:3,(anonymous_2)
DA:8,6
DA:14,6
DA:15,6
DA:16,6
DA:18,6
DA:23,3
LF:6
LH:6
BRDA:9,0,0,0
BRDA:9,0,1,6
BRDA:10,1,0,0
BRDA:10,1,1,6
BRDA:26,2,0,0
BRDA:26,2,1,6
BRF:6
BRH:3
end_of_record
TN:
SF:/Users/lilia.gastelum/Documents/Projects/react-apprenticeship-capstone1/src/pages/Home/api.js
FNF:0
FNH:0
LF:0
LH:0
BRF:0
BRH:0
end_of_record
TN:
SF:/Users/lilia.gastelum/Documents/Projects/react-apprenticeship-capstone1/src/pages/Home/index.js
FNF:0
FNH:0
LF:0
LH:0
BRF:0
BRH:0
end_of_record
TN:
SF:/Users/lilia.gastelum/Documents/Projects/react-apprenticeship-capstone1/src/pages/Login/LoginPage.jsx
FN:7,LoginPage
FN:14,authenticate
FN:17,(anonymous_2)
FN:22,(anonymous_3)
FN:35,(anonymous_4)
FN:36,(anonymous_5)
FN:56,(anonymous_6)
FN:69,(anonymous_7)
FN:78,(anonymous_8)
FN:81,(anonymous_9)
FNF:10
FNH:5
FNDA:10,LoginPage
FNDA:1,authenticate
FNDA:0,(anonymous_2)
FNDA:0,(anonymous_3)
FNDA:0,(anonymous_4)
FNDA:0,(anonymous_5)
FNDA:1,(anonymous_6)
FNDA:1,(anonymous_7)
FNDA:0,(anonymous_8)
FNDA:1,(anonymous_9)
DA:8,10
DA:9,10
DA:10,10
DA:11,10
DA:12,10
DA:15,1
DA:16,1
DA:17,1
DA:18,0
DA:19,0
DA:20,0
DA:21,0
DA:23,0
DA:24,0
DA:30,10
DA:35,0
DA:36,0
DA:57,1
DA:58,1
DA:70,1
DA:71,1
DA:78,0
DA:81,1
LF:23
LH:14
BRDA:15,0,0,1
BRDA:15,0,1,0
BRDA:15,1,0,1
BRDA:15,1,1,1
BRF:4
BRH:3
end_of_record
TN:
SF:/Users/lilia.gastelum/Documents/Projects/react-apprenticeship-capstone1/src/pages/Login/index.js
FNF:0
FNH:0
LF:0
LH:0
BRF:0
BRH:0
end_of_record
TN:
SF:/Users/lilia.gastelum/Documents/Projects/react-apprenticeship-capstone1/src/pages/SideBar/SideBar.jsx
FN:13,(anonymous_0)
FN:26,SideBar
FN:32,(anonymous_2)
FN:44,(anonymous_3)
FN:51,(anonymous_4)
FN:58,(anonymous_5)
FN:64,(anonymous_6)
FNF:7
FNH:6
FNDA:32,(anonymous_0)
FNDA:8,SideBar
FNDA:3,(anonymous_2)
FNDA:1,(anonymous_3)
FNDA:1,(anonymous_4)
FNDA:1,(anonymous_5)
FNDA:0,(anonymous_6)
DA:8,3
DA:13,32
DA:27,8
DA:28,8
DA:29,8
DA:30,8
DA:32,8
DA:33,3
DA:34,3
DA:37,8
DA:44,1
DA:51,1
DA:58,1
DA:65,0
LF:14
LH:13
BRDA:14,0,0,8
BRDA:14,0,1,24
BRDA:23,1,0,0
BRDA:23,1,1,32
BRF:4
BRH:3
end_of_record
TN:
SF:/Users/lilia.gastelum/Documents/Projects/react-apprenticeship-capstone1/src/pages/SideBar/index.js
FNF:0
FNH:0
LF:0
LH:0
BRF:0
BRH:0
end_of_record
TN:
SF:/Users/lilia.gastelum/Documents/Projects/react-apprenticeship-capstone1/src/pages/VideoPlayer/RelatedVideos.jsx
FN:6,RelatedVideos
FN:10,(anonymous_1)
FN:12,(anonymous_2)
FN:22,(anonymous_3)
FNF:4
FNH:4
FNDA:2,RelatedVideos
FNDA:2,(anonymous_1)
FNDA:1,(anonymous_2)
FNDA:1,(anonymous_3)
DA:7,2
DA:8,2
DA:10,2
DA:11,2
DA:12,2
DA:13,1
DA:22,1
DA:25,2
DA:28,2
LF:9
LH:9
BRDA:20,0,0,0
BRDA:20,0,1,1
BRF:2
BRH:1
end_of_record
TN:
SF:/Users/lilia.gastelum/Documents/Projects/react-apprenticeship-capstone1/src/pages/VideoPlayer/VideoPlayer.jsx
FN:29,VideoPlayer
FN:38,(anonymous_1)
FN:39,(anonymous_2)
FN:42,(anonymous_3)
FN:52,(anonymous_4)
FN:59,(anonymous_5)
FN:64,(anonymous_6)
FN:70,(anonymous_7)
FN:74,(anonymous_8)
FN:77,(anonymous_9)
FN:90,(anonymous_10)
FN:96,(anonymous_11)
FN:98,(anonymous_12)
FN:102,(anonymous_13)
FN:108,(anonymous_14)
FN:110,(anonymous_15)
FNF:16
FNH:14
FNDA:18,VideoPlayer
FNDA:3,(anonymous_1)
FNDA:3,(anonymous_2)
FNDA:7,(anonymous_3)
FNDA:0,(anonymous_4)
FNDA:1,(anonymous_5)
FNDA:0,(anonymous_6)
FNDA:7,(anonymous_7)
FNDA:1,(anonymous_8)
FNDA:1,(anonymous_9)
FNDA:1,(anonymous_10)
FNDA:1,(anonymous_11)
FNDA:1,(anonymous_12)
FNDA:1,(anonymous_13)
FNDA:1,(anonymous_14)
FNDA:1,(anonymous_15)
DA:15,2
DA:22,2
DA:26,2
DA:30,18
DA:31,18
DA:33,18
DA:35,18
DA:36,18
DA:37,18
DA:38,18
DA:39,18
DA:40,18
DA:42,18
DA:43,7
DA:44,6
DA:46,0
DA:53,0
DA:57,6
DA:58,3
DA:59,3
DA:62,6
DA:63,2
DA:64,2
DA:70,18
DA:71,7
DA:72,6
DA:73,6
DA:74,6
DA:75,1
DA:76,5
DA:77,6
DA:78,1
DA:79,5
DA:84,18
DA:85,2
DA:86,2
DA:90,16
DA:91,1
DA:92,1
DA:93,1
DA:96,16
DA:97,1
DA:98,1
DA:99,1
DA:102,16
DA:103,1
DA:104,1
DA:105,1
DA:108,16
DA:109,1
DA:110,1
DA:111,1
DA:114,16
LF:53
LH:51
BRDA:33,0,0,16
BRDA:33,0,1,2
BRDA:38,1,0,16
BRDA:38,1,1,2
BRDA:39,2,0,16
BRDA:39,2,1,2
BRDA:43,3,0,6
BRDA:43,3,1,1
BRDA:44,4,0,0
BRDA:44,4,1,6
BRDA:44,5,0,6
BRDA:44,5,1,1
BRDA:57,6,0,3
BRDA:57,6,1,3
BRDA:62,7,0,2
BRDA:62,7,1,4
BRDA:71,8,0,6
BRDA:71,8,1,1
BRDA:74,9,0,1
BRDA:74,9,1,5
BRDA:77,10,0,1
BRDA:77,10,1,5
BRDA:84,11,0,2
BRDA:84,11,1,16
BRDA:129,12,0,16
BRDA:129,12,1,8
BRDA:139,13,0,2
BRDA:139,13,1,6
BRDA:154,14,0,2
BRDA:154,14,1,6
BRDA:172,15,0,16
BRDA:172,15,1,0
BRF:32
BRH:30
end_of_record
TN:
SF:/Users/lilia.gastelum/Documents/Projects/react-apprenticeship-capstone1/src/pages/VideoPlayer/index.js
FNF:0
FNH:0
LF:0
LH:0
BRF:0
BRH:0
end_of_record
TN:
SF:/Users/lilia.gastelum/Documents/Projects/react-apprenticeship-capstone1/src/pages/WatchLater/WatchLater.jsx
FN:27,WatchLater
FN:38,(anonymous_1)
FNF:2
FNH:1
FNDA:1,WatchLater
FNDA:0,(anonymous_1)
DA:10,2
DA:16,2
DA:22,2
DA:28,1
DA:29,1
DA:31,1
DA:39,0
LF:7
LH:6
BRDA:29,0,0,1
BRDA:29,0,1,1
BRF:2
BRH:2
end_of_record
TN:
SF:/Users/lilia.gastelum/Documents/Projects/react-apprenticeship-capstone1/src/pages/WatchLater/index.js
FNF:0
FNH:0
LF:0
LH:0
BRF:0
BRH:0
end_of_record
TN:
SF:/Users/lilia.gastelum/Documents/Projects/react-apprenticeship-capstone1/src/providers/Auth/Auth.provider.jsx
FN:8,useAuth
FN:17,AuthProvider
FN:27,(anonymous_2)
FN:34,login
FN:35,(anonymous_4)
FN:36,(anonymous_5)
FN:57,(anonymous_6)
FNF:7
FNH:5
FNDA:55,useAuth
FNDA:28,AuthProvider
FNDA:20,(anonymous_2)
FNDA:1,login
FNDA:1,(anonymous_4)
FNDA:0,(anonymous_5)
FNDA:0,(anonymous_6)
DA:6,7
DA:9,55
DA:10,55
DA:11,2
DA:13,53
DA:18,28
DA:19,28
DA:21,28
DA:27,28
DA:28,20
DA:29,20
DA:31,20
DA:35,1
DA:36,1
DA:37,0
DA:38,0
DA:39,0
DA:40,0
DA:41,0
DA:42,0
DA:43,0
DA:45,0
DA:57,28
DA:58,0
DA:59,0
DA:60,0
DA:63,28
LF:27
LH:16
BRDA:10,0,0,2
BRDA:10,0,1,53
BRDA:37,1,0,0
BRDA:37,1,1,0
BRDA:37,2,0,0
BRDA:37,2,1,0
BRF:6
BRH:2
end_of_record
TN:
SF:/Users/lilia.gastelum/Documents/Projects/react-apprenticeship-capstone1/src/providers/Auth/index.js
FNF:0
FNH:0
LF:0
LH:0
BRF:0
BRH:0
end_of_record
TN:
SF:/Users/lilia.gastelum/Documents/Projects/react-apprenticeship-capstone1/src/utils/constants.js
FNF:0
FNH:0
DA:1,10
DA:2,10
DA:3,10
LF:3
LH:3
BRF:0
BRH:0
end_of_record
TN:
SF:/Users/lilia.gastelum/Documents/Projects/react-apprenticeship-capstone1/src/utils/fns.js
FN:1,random
FNF:1
FNH:1
FNDA:1,random
DA:2,1
LF:1
LH:1
BRF:0
BRH:0
end_of_record
TN:
SF:/Users/lilia.gastelum/Documents/Projects/react-apprenticeship-capstone1/src/utils/storage.js
FN:2,(anonymous_0)
FN:12,(anonymous_1)
FNF:2
FNH:2
FNDA:81,(anonymous_0)
FNDA:6,(anonymous_1)
DA:1,10
DA:3,81
DA:4,81
DA:5,81
DA:7,0
DA:8,0
DA:13,6
LF:7
LH:5
BRF:0
BRH:0
end_of_record
TN:
SF:/Users/lilia.gastelum/Documents/Projects/react-apprenticeship-capstone1/src/utils/contexts/AppContext.jsx
FN:5,(anonymous_0)
FN:20,(anonymous_1)
FNF:2
FNH:2
FNDA:28,(anonymous_0)
FNDA:33,(anonymous_1)
DA:3,8
DA:5,8
DA:6,28
DA:12,28
DA:13,28
DA:20,8
DA:21,33
DA:22,33
DA:23,0
DA:27,33
LF:10
LH:9
BRDA:22,0,0,0
BRDA:22,0,1,33
BRF:2
BRH:1
end_of_record
TN:
SF:/Users/lilia.gastelum/Documents/Projects/react-apprenticeship-capstone1/src/utils/hooks/useFortune.js
FN:7,useFortune
FN:10,(anonymous_1)
FN:11,findMyFortune
FNF:3
FNH:3
FNDA:1,useFortune
FNDA:1,(anonymous_1)
FNDA:1,findMyFortune
DA:5,1
DA:8,1
DA:10,1
DA:12,1
DA:13,1
DA:14,0
DA:16,0
DA:17,0
DA:19,0
DA:21,0
DA:25,1
DA:28,1
LF:12
LH:7
BRF:0
BRH:0
end_of_record
