TN:
SF:/Users/lilia.gastelum/Documents/Projects/react-apprenticeship-capstone1/src/index.js
FNF:0
FNH:0
DA:7,0
LF:1
LH:0
BRF:0
BRH:0
end_of_record
TN:
SF:/Users/lilia.gastelum/Documents/Projects/react-apprenticeship-capstone1/src/components/App/App.component.jsx
FN:14,App
FNF:1
FNH:1
FNDA:1,App
DA:33,1
LF:1
LH:1
BRF:0
BRH:0
end_of_record
TN:
SF:/Users/lilia.gastelum/Documents/Projects/react-apprenticeship-capstone1/src/components/App/index.js
FNF:0
FNH:0
LF:0
LH:0
BRF:0
BRH:0
end_of_record
TN:
SF:/Users/lilia.gastelum/Documents/Projects/react-apprenticeship-capstone1/src/components/Layout/Layout.component.jsx
FN:6,Layout
FNF:1
FNH:1
FNDA:2,Layout
DA:7,2
LF:1
LH:1
BRF:0
BRH:0
end_of_record
TN:
SF:/Users/lilia.gastelum/Documents/Projects/react-apprenticeship-capstone1/src/components/Layout/index.js
FNF:0
FNH:0
LF:0
LH:0
BRF:0
BRH:0
end_of_record
TN:
SF:/Users/lilia.gastelum/Documents/Projects/react-apprenticeship-capstone1/src/pages/Header/Header.jsx
FN:31,Header
FN:50,(anonymous_1)
FN:57,(anonymous_2)
FNF:3
FNH:1
FNDA:9,Header
FNDA:0,(anonymous_1)
FNDA:0,(anonymous_2)
DA:6,3
DA:15,3
DA:19,3
DA:23,3
DA:27,3
DA:32,9
DA:33,9
DA:35,9
DA:50,0
DA:57,0
LF:10
LH:8
BRDA:47,0,0,9
BRDA:47,0,1,0
BRF:2
BRH:1
end_of_record
TN:
SF:/Users/lilia.gastelum/Documents/Projects/react-apprenticeship-capstone1/src/pages/Header/index.js
FNF:0
FNH:0
LF:0
LH:0
BRF:0
BRH:0
end_of_record
TN:
SF:/Users/lilia.gastelum/Documents/Projects/react-apprenticeship-capstone1/src/pages/Home/HomePage.jsx
FN:35,HomePage
FN:44,(anonymous_1)
FN:45,(anonymous_2)
FN:46,(anonymous_3)
FN:47,(anonymous_4)
FN:48,(anonymous_5)
FN:51,(anonymous_6)
FN:59,deAuthenticate
FN:79,(anonymous_8)
FNF:9
FNH:7
FNDA:8,HomePage
FNDA:4,(anonymous_1)
FNDA:4,(anonymous_2)
FNDA:2,(anonymous_3)
FNDA:2,(anonymous_4)
FNDA:2,(anonymous_5)
FNDA:1,(anonymous_6)
FNDA:0,deAuthenticate
FNDA:0,(anonymous_8)
DA:12,2
DA:19,2
DA:25,2
DA:31,2
DA:36,8
DA:37,8
DA:38,8
DA:39,8
DA:40,8
DA:44,8
DA:45,4
DA:46,2
DA:48,2
DA:49,2
DA:52,1
DA:55,4
DA:60,0
DA:61,0
DA:62,0
DA:65,8
DA:80,0
LF:21
LH:17
BRDA:69,0,0,8
BRDA:69,0,1,0
BRDA:74,1,0,0
BRDA:74,1,1,8
BRF:4
BRH:2
end_of_record
TN:
SF:/Users/lilia.gastelum/Documents/Projects/react-apprenticeship-capstone1/src/pages/Home/VideoItem.jsx
FN:4,VideoItem
FNF:1
FNH:1
FNDA:1,VideoItem
DA:5,1
DA:6,1
LF:2
LH:2
BRF:0
BRH:0
end_of_record
TN:
SF:/Users/lilia.gastelum/Documents/Projects/react-apprenticeship-capstone1/src/pages/Home/index.js
FNF:0
FNH:0
LF:0
LH:0
BRF:0
BRH:0
end_of_record
TN:
SF:/Users/lilia.gastelum/Documents/Projects/react-apprenticeship-capstone1/src/pages/Login/LoginPage.jsx
FN:7,LoginPage
FN:11,authenticate
FNF:2
FNH:1
FNDA:1,LoginPage
FNDA:0,authenticate
DA:8,1
DA:9,1
DA:12,0
DA:13,0
DA:14,0
DA:17,1
LF:6
LH:3
BRF:0
BRH:0
end_of_record
TN:
SF:/Users/lilia.gastelum/Documents/Projects/react-apprenticeship-capstone1/src/pages/Login/index.js
FNF:0
FNH:0
LF:0
LH:0
BRF:0
BRH:0
end_of_record
TN:
SF:/Users/lilia.gastelum/Documents/Projects/react-apprenticeship-capstone1/src/pages/SideBar/SideBar.jsx
FN:8,(anonymous_0)
FN:18,SideBar
FN:28,(anonymous_2)
FN:34,(anonymous_3)
FN:40,(anonymous_4)
FN:45,(anonymous_5)
FNF:6
FNH:5
FNDA:12,(anonymous_0)
FNDA:4,SideBar
FNDA:1,(anonymous_2)
FNDA:1,(anonymous_3)
FNDA:1,(anonymous_4)
FNDA:0,(anonymous_5)
DA:4,3
DA:8,12
DA:19,4
DA:20,4
DA:22,4
DA:28,1
DA:34,1
DA:40,1
DA:45,0
LF:9
LH:8
BRDA:9,0,0,4
BRDA:9,0,1,8
BRF:2
BRH:2
end_of_record
TN:
SF:/Users/lilia.gastelum/Documents/Projects/react-apprenticeship-capstone1/src/pages/SideBar/index.js
FNF:0
FNH:0
LF:0
LH:0
BRF:0
BRH:0
end_of_record
TN:
SF:/Users/lilia.gastelum/Documents/Projects/react-apprenticeship-capstone1/src/providers/Auth/Auth.provider.jsx
FN:8,useAuth
FN:17,AuthProvider
FN:21,(anonymous_2)
FN:28,(anonymous_3)
FN:34,(anonymous_4)
FNF:5
FNH:3
FNDA:18,useAuth
FNDA:6,AuthProvider
FNDA:6,(anonymous_2)
FNDA:0,(anonymous_3)
FNDA:0,(anonymous_4)
DA:6,4
DA:9,18
DA:10,18
DA:11,0
DA:13,18
DA:18,6
DA:19,6
DA:21,6
DA:22,6
DA:23,6
DA:25,6
DA:28,6
DA:29,0
DA:30,0
DA:31,0
DA:34,6
DA:35,0
DA:36,0
DA:37,0
DA:40,6
LF:20
LH:13
BRDA:10,0,0,0
BRDA:10,0,1,18
BRF:2
BRH:1
end_of_record
TN:
SF:/Users/lilia.gastelum/Documents/Projects/react-apprenticeship-capstone1/src/providers/Auth/index.js
FNF:0
FNH:0
LF:0
LH:0
BRF:0
BRH:0
end_of_record
TN:
SF:/Users/lilia.gastelum/Documents/Projects/react-apprenticeship-capstone1/src/utils/constants.js
FNF:0
FNH:0
DA:1,4
LF:1
LH:1
BRF:0
BRH:0
end_of_record
TN:
SF:/Users/lilia.gastelum/Documents/Projects/react-apprenticeship-capstone1/src/utils/fns.js
FN:1,random
FNF:1
FNH:1
FNDA:1,random
DA:2,1
LF:1
LH:1
BRF:0
BRH:0
end_of_record
TN:
SF:/Users/lilia.gastelum/Documents/Projects/react-apprenticeship-capstone1/src/utils/storage.js
FN:2,(anonymous_0)
FN:12,(anonymous_1)
FNF:2
FNH:1
FNDA:6,(anonymous_0)
FNDA:0,(anonymous_1)
DA:1,4
DA:3,6
DA:4,6
DA:5,6
DA:7,0
DA:8,0
DA:13,0
LF:7
LH:4
BRF:0
BRH:0
end_of_record
TN:
SF:/Users/lilia.gastelum/Documents/Projects/react-apprenticeship-capstone1/src/utils/hooks/useFortune.js
FN:7,useFortune
FN:10,(anonymous_1)
FN:11,findMyFortune
FNF:3
FNH:3
FNDA:1,useFortune
FNDA:1,(anonymous_1)
FNDA:1,findMyFortune
DA:5,1
DA:8,1
DA:10,1
DA:12,1
DA:13,1
DA:14,0
DA:16,0
DA:17,0
DA:19,0
DA:21,0
DA:25,1
DA:28,1
LF:12
LH:7
BRF:0
BRH:0
end_of_record
